<?xml version="1.0" encoding="UTF-8"?>
<coverage generated="1789740582084" clover="3.2.0">
  <project timestamp="1789740582084" name="All files">
    <metrics statements="651" coveredstatements="541" conditionals="298" coveredconditionals="190" methods="83" coveredmethods="76" elements="1032" coveredelements="807" complexity="0" loc="651" ncloc="651" packages="9" files="20" classes="20"/>
    <package name="app.api.admin.draws">
      <metrics statements="18" coveredstatements="12" conditionals="5" coveredconditionals="5" methods="2" coveredmethods="1"/>
      <file name="route.ts" path="C:\xampp\htdocs\gen-z-lotto\src\app\api\admin\draws\route.ts">
        <metrics statements="18" coveredstatements="12" conditionals="5" coveredconditionals="5" methods="2" coveredmethods="1"/>
        <line num="1" count="2" type="stmt"/>
        <line num="2" count="2" type="stmt"/>
        <line num="3" count="2" type="stmt"/>
        <line num="5" count="2" type="stmt"/>
        <line num="7" count="0" type="stmt"/>
        <line num="8" count="0" type="stmt"/>
        <line num="9" count="0" type="stmt"/>
        <line num="16" count="0" type="stmt"/>
        <line num="18" count="0" type="stmt"/>
        <line num="22" count="6" type="stmt"/>
        <line num="23" count="6" type="stmt"/>
        <line num="24" count="6" type="stmt"/>
        <line num="25" count="6" type="stmt"/>
        <line num="27" count="6" type="cond" truecount="5" falsecount="0"/>
        <line num="28" count="5" type="stmt"/>
        <line num="34" count="1" type="stmt"/>
        <line num="41" count="1" type="stmt"/>
        <line num="43" count="0" type="stmt"/>
      </file>
    </package>
    <package name="app.api.admin.draws.[id].settle">
      <metrics statements="12" coveredstatements="12" conditionals="1" coveredconditionals="1" methods="1" coveredmethods="1"/>
      <file name="route.ts" path="C:\xampp\htdocs\gen-z-lotto\src\app\api\admin\draws\[id]\settle\route.ts">
        <metrics statements="12" coveredstatements="12" conditionals="1" coveredconditionals="1" methods="1" coveredmethods="1"/>
        <line num="1" count="2" type="stmt"/>
        <line num="2" count="2" type="stmt"/>
        <line num="4" count="4" type="stmt"/>
        <line num="8" count="4" type="stmt"/>
        <line num="9" count="4" type="stmt"/>
        <line num="10" count="4" type="stmt"/>
        <line num="11" count="4" type="stmt"/>
        <line num="13" count="4" type="cond" truecount="1" falsecount="0"/>
        <line num="14" count="1" type="stmt"/>
        <line num="20" count="3" type="stmt"/>
        <line num="21" count="1" type="stmt"/>
        <line num="23" count="2" type="stmt"/>
      </file>
    </package>
    <package name="app.api.admin.draws.[id].winning-number">
      <metrics statements="13" coveredstatements="13" conditionals="3" coveredconditionals="3" methods="1" coveredmethods="1"/>
      <file name="route.ts" path="C:\xampp\htdocs\gen-z-lotto\src\app\api\admin\draws\[id]\winning-number\route.ts">
        <metrics statements="13" coveredstatements="13" conditionals="3" coveredconditionals="3" methods="1" coveredmethods="1"/>
        <line num="1" count="2" type="stmt"/>
        <line num="2" count="2" type="stmt"/>
        <line num="4" count="5" type="stmt"/>
        <line num="8" count="5" type="stmt"/>
        <line num="9" count="5" type="stmt"/>
        <line num="10" count="5" type="stmt"/>
        <line num="11" count="5" type="stmt"/>
        <line num="13" count="5" type="cond" truecount="2" falsecount="0"/>
        <line num="15" count="5" type="cond" truecount="1" falsecount="0"/>
        <line num="16" count="1" type="stmt"/>
        <line num="22" count="4" type="stmt"/>
        <line num="23" count="2" type="stmt"/>
        <line num="25" count="3" type="stmt"/>
      </file>
    </package>
    <package name="app.api.tickets">
      <metrics statements="59" coveredstatements="59" conditionals="35" coveredconditionals="32" methods="3" coveredmethods="3"/>
      <file name="route.ts" path="C:\xampp\htdocs\gen-z-lotto\src\app\api\tickets\route.ts">
        <metrics statements="59" coveredstatements="59" conditionals="35" coveredconditionals="32" methods="3" coveredmethods="3"/>
        <line num="1" count="2" type="stmt"/>
        <line num="2" count="2" type="stmt"/>
        <line num="3" count="2" type="stmt"/>
        <line num="4" count="2" type="stmt"/>
        <line num="5" count="2" type="stmt"/>
        <line num="7" count="26" type="stmt"/>
        <line num="11" count="26" type="stmt"/>
        <line num="12" count="26" type="stmt"/>
        <line num="13" count="26" type="cond" truecount="1" falsecount="0"/>
        <line num="14" count="3" type="stmt"/>
        <line num="17" count="23" type="stmt"/>
        <line num="19" count="23" type="stmt"/>
        <line num="27" count="23" type="stmt"/>
        <line num="29" count="23" type="cond" truecount="1" falsecount="0"/>
        <line num="30" count="2" type="stmt"/>
        <line num="34" count="2" type="cond" truecount="1" falsecount="0"/>
        <line num="35" count="1" type="stmt"/>
        <line num="39" count="1" type="cond" truecount="1" falsecount="0"/>
        <line num="40" count="1" type="stmt"/>
        <line num="55" count="22" type="cond" truecount="3" falsecount="0"/>
        <line num="56" count="1" type="stmt"/>
        <line num="62" count="21" type="stmt"/>
        <line num="63" count="21" type="stmt"/>
        <line num="64" count="22" type="cond" truecount="3" falsecount="0"/>
        <line num="67" count="21" type="cond" truecount="3" falsecount="0"/>
        <line num="68" count="5" type="stmt"/>
        <line num="74" count="16" type="stmt"/>
        <line num="75" count="16" type="stmt"/>
        <line num="77" count="16" type="cond" truecount="1" falsecount="0"/>
        <line num="82" count="4" type="stmt"/>
        <line num="88" count="12" type="stmt"/>
        <line num="89" count="12" type="stmt"/>
        <line num="93" count="12" type="cond" truecount="1" falsecount="0"/>
        <line num="94" count="1" type="stmt"/>
        <line num="97" count="11" type="stmt"/>
        <line num="98" count="11" type="stmt"/>
        <line num="99" count="11" type="cond" truecount="2" falsecount="0"/>
        <line num="101" count="11" type="cond" truecount="3" falsecount="0"/>
        <line num="102" count="5" type="stmt"/>
        <line num="105" count="6" type="stmt"/>
        <line num="109" count="6" type="cond" truecount="1" falsecount="1"/>
        <line num="110" count="6" type="stmt"/>
        <line num="111" count="6" type="stmt"/>
        <line num="113" count="6" type="stmt"/>
        <line num="123" count="5" type="stmt"/>
        <line num="132" count="5" type="stmt"/>
        <line num="139" count="4" type="cond" truecount="1" falsecount="0"/>
        <line num="140" count="1" type="stmt"/>
        <line num="143" count="3" type="stmt"/>
        <line num="152" count="3" type="stmt"/>
        <line num="155" count="3" type="stmt"/>
        <line num="168" count="9" type="cond" truecount="1" falsecount="0"/>
        <line num="169" count="1" type="stmt"/>
        <line num="175" count="8" type="cond" truecount="1" falsecount="0"/>
        <line num="176" count="5" type="stmt"/>
        <line num="182" count="3" type="cond" truecount="1" falsecount="0"/>
        <line num="187" count="2" type="stmt"/>
        <line num="193" count="1" type="stmt"/>
        <line num="194" count="1" type="stmt"/>
      </file>
    </package>
    <package name="app.api.tickets.[id]">
      <metrics statements="17" coveredstatements="13" conditionals="5" coveredconditionals="3" methods="1" coveredmethods="1"/>
      <file name="route.ts" path="C:\xampp\htdocs\gen-z-lotto\src\app\api\tickets\[id]\route.ts">
        <metrics statements="17" coveredstatements="13" conditionals="5" coveredconditionals="3" methods="1" coveredmethods="1"/>
        <line num="1" count="1" type="stmt"/>
        <line num="2" count="1" type="stmt"/>
        <line num="3" count="1" type="stmt"/>
        <line num="5" count="2" type="stmt"/>
        <line num="9" count="2" type="stmt"/>
        <line num="10" count="2" type="stmt"/>
        <line num="11" count="2" type="cond" truecount="0" falsecount="1"/>
        <line num="12" count="0" type="stmt"/>
        <line num="15" count="2" type="stmt"/>
        <line num="17" count="2" type="stmt"/>
        <line num="32" count="2" type="cond" truecount="0" falsecount="1"/>
        <line num="33" count="0" type="stmt"/>
        <line num="39" count="2" type="cond" truecount="3" falsecount="0"/>
        <line num="40" count="1" type="stmt"/>
        <line num="46" count="1" type="stmt"/>
        <line num="57" count="0" type="stmt"/>
        <line num="58" count="0" type="stmt"/>
      </file>
    </package>
    <package name="lib.auth">
      <metrics statements="118" coveredstatements="68" conditionals="42" coveredconditionals="13" methods="15" coveredmethods="11"/>
      <file name="index.ts" path="C:\xampp\htdocs\gen-z-lotto\src\lib\auth\index.ts">
        <metrics statements="5" coveredstatements="5" conditionals="0" coveredconditionals="0" methods="0" coveredmethods="0"/>
        <line num="2" count="1" type="stmt"/>
        <line num="3" count="1" type="stmt"/>
        <line num="4" count="1" type="stmt"/>
        <line num="5" count="1" type="stmt"/>
        <line num="6" count="1" type="stmt"/>
      </file>
      <file name="otp.ts" path="C:\xampp\htdocs\gen-z-lotto\src\lib\auth\otp.ts">
        <metrics statements="44" coveredstatements="19" conditionals="14" coveredconditionals="1" methods="4" coveredmethods="3"/>
        <line num="1" count="2" type="stmt"/>
        <line num="2" count="2" type="stmt"/>
        <line num="4" count="2" type="stmt"/>
        <line num="5" count="2" type="stmt"/>
        <line num="6" count="2" type="stmt"/>
        <line num="8" count="3" type="stmt"/>
        <line num="9" count="3" type="stmt"/>
        <line num="10" count="3" type="stmt"/>
        <line num="11" count="3" type="stmt"/>
        <line num="12" count="3" type="stmt"/>
        <line num="13" count="18" type="stmt"/>
        <line num="15" count="3" type="stmt"/>
        <line num="18" count="9" type="stmt"/>
        <line num="19" count="10" type="stmt"/>
        <line num="22" count="0" type="cond" truecount="0" falsecount="1"/>
        <line num="24" count="0" type="stmt"/>
        <line num="29" count="0" type="cond" truecount="0" falsecount="1"/>
        <line num="30" count="0" type="stmt"/>
        <line num="31" count="0" type="cond" truecount="0" falsecount="1"/>
        <line num="32" count="0" type="stmt"/>
        <line num="33" count="0" type="stmt"/>
        <line num="37" count="0" type="stmt"/>
        <line num="38" count="0" type="stmt"/>
        <line num="39" count="0" type="stmt"/>
        <line num="42" count="0" type="stmt"/>
        <line num="47" count="0" type="stmt"/>
        <line num="58" count="0" type="cond" truecount="0" falsecount="2"/>
        <line num="59" count="0" type="cond" truecount="0" falsecount="4"/>
        <line num="60" count="0" type="stmt"/>
        <line num="65" count="0" type="stmt"/>
        <line num="68" count="1" type="cond" truecount="0" falsecount="1"/>
        <line num="69" count="1" type="stmt"/>
        <line num="71" count="1" type="stmt"/>
        <line num="80" count="1" type="cond" truecount="1" falsecount="0"/>
        <line num="81" count="1" type="stmt"/>
        <line num="84" count="0" type="cond" truecount="0" falsecount="1"/>
        <line num="85" count="0" type="stmt"/>
        <line num="88" count="0" type="cond" truecount="0" falsecount="1"/>
        <line num="89" count="0" type="stmt"/>
        <line num="92" count="0" type="cond" truecount="0" falsecount="1"/>
        <line num="93" count="0" type="stmt"/>
        <line num="97" count="0" type="stmt"/>
        <line num="101" count="0" type="stmt"/>
        <line num="106" count="0" type="stmt"/>
      </file>
      <file name="password.ts" path="C:\xampp\htdocs\gen-z-lotto\src\lib\auth\password.ts">
        <metrics statements="7" coveredstatements="6" conditionals="0" coveredconditionals="0" methods="2" coveredmethods="2"/>
        <line num="1" count="1" type="stmt"/>
        <line num="6" count="1" type="stmt"/>
        <line num="7" count="1" type="stmt"/>
        <line num="18" count="3" type="stmt"/>
        <line num="19" count="3" type="stmt"/>
        <line num="20" count="3" type="stmt"/>
        <line num="22" count="0" type="stmt"/>
      </file>
      <file name="phone.ts" path="C:\xampp\htdocs\gen-z-lotto\src\lib\auth\phone.ts">
        <metrics statements="13" coveredstatements="12" conditionals="7" coveredconditionals="5" methods="3" coveredmethods="3"/>
        <line num="8" count="4" type="cond" truecount="1" falsecount="0"/>
        <line num="9" count="7" type="stmt"/>
        <line num="11" count="7" type="cond" truecount="2" falsecount="0"/>
        <line num="12" count="3" type="stmt"/>
        <line num="13" count="4" type="cond" truecount="2" falsecount="1"/>
        <line num="14" count="0" type="stmt"/>
        <line num="17" count="7" type="stmt"/>
        <line num="23" count="3" type="stmt"/>
        <line num="24" count="3" type="stmt"/>
        <line num="26" count="3" type="stmt"/>
        <line num="33" count="1" type="stmt"/>
        <line num="34" count="1" type="cond" truecount="0" falsecount="1"/>
        <line num="35" count="1" type="stmt"/>
      </file>
      <file name="rbac.ts" path="C:\xampp\htdocs\gen-z-lotto\src\lib\auth\rbac.ts">
        <metrics statements="23" coveredstatements="10" conditionals="14" coveredconditionals="3" methods="3" coveredmethods="2"/>
        <line num="1" count="3" type="stmt"/>
        <line num="2" count="3" type="stmt"/>
        <line num="3" count="3" type="stmt"/>
        <line num="25" count="3" type="stmt"/>
        <line num="26" count="3" type="stmt"/>
        <line num="28" count="3" type="cond" truecount="2" falsecount="1"/>
        <line num="29" count="3" type="stmt"/>
        <line num="39" count="0" type="stmt"/>
        <line num="44" count="0" type="cond" truecount="0" falsecount="1"/>
        <line num="50" count="0" type="stmt"/>
        <line num="60" count="0" type="stmt"/>
        <line num="67" count="2" type="stmt"/>
        <line num="68" count="1" type="stmt"/>
        <line num="69" count="1" type="cond" truecount="1" falsecount="0"/>
        <line num="71" count="0" type="cond" truecount="0" falsecount="2"/>
        <line num="73" count="0" type="cond" truecount="0" falsecount="1"/>
        <line num="74" count="0" type="stmt"/>
        <line num="80" count="0" type="cond" truecount="0" falsecount="1"/>
        <line num="81" count="0" type="stmt"/>
        <line num="85" count="0" type="stmt"/>
        <line num="87" count="0" type="cond" truecount="0" falsecount="1"/>
        <line num="88" count="0" type="stmt"/>
        <line num="98" count="0" type="stmt"/>
      </file>
      <file name="session.ts" path="C:\xampp\htdocs\gen-z-lotto\src\lib\auth\session.ts">
        <metrics statements="26" coveredstatements="16" conditionals="7" coveredconditionals="4" methods="3" coveredmethods="1"/>
        <line num="1" count="3" type="stmt"/>
        <line num="2" count="3" type="stmt"/>
        <line num="4" count="3" type="stmt"/>
        <line num="7" count="3" type="stmt"/>
        <line num="17" count="0" type="stmt"/>
        <line num="20" count="0" type="stmt"/>
        <line num="26" count="0" type="stmt"/>
        <line num="27" count="0" type="stmt"/>
        <line num="35" count="0" type="stmt"/>
        <line num="38" count="7" type="stmt"/>
        <line num="42" count="7" type="stmt"/>
        <line num="43" count="7" type="stmt"/>
        <line num="46" count="7" type="cond" truecount="1" falsecount="0"/>
        <line num="47" count="5" type="stmt"/>
        <line num="48" count="5" type="stmt"/>
        <line num="49" count="5" type="cond" truecount="1" falsecount="2"/>
        <line num="50" count="0" type="stmt"/>
        <line num="54" count="7" type="cond" truecount="1" falsecount="0"/>
        <line num="56" count="2" type="stmt"/>
        <line num="57" count="2" type="stmt"/>
        <line num="58" count="0" type="stmt"/>
        <line num="60" count="2" type="stmt"/>
        <line num="64" count="0" type="stmt"/>
        <line num="65" count="0" type="stmt"/>
        <line num="66" count="0" type="stmt"/>
        <line num="70" count="3" type="stmt"/>
      </file>
    </package>
    <package name="lib.db">
      <metrics statements="5" coveredstatements="5" conditionals="3" coveredconditionals="3" methods="0" coveredmethods="0"/>
      <file name="prisma.ts" path="C:\xampp\htdocs\gen-z-lotto\src\lib\db\prisma.ts">
        <metrics statements="5" coveredstatements="5" conditionals="3" coveredconditionals="3" methods="0" coveredmethods="0"/>
        <line num="2" count="2" type="stmt"/>
        <line num="4" count="2" type="stmt"/>
        <line num="6" count="2" type="stmt"/>
        <line num="7" count="2" type="cond" truecount="2" falsecount="0"/>
        <line num="16" count="2" type="cond" truecount="1" falsecount="0"/>
      </file>
    </package>
    <package name="lib.lottery">
      <metrics statements="204" coveredstatements="191" conditionals="75" coveredconditionals="54" methods="34" coveredmethods="34"/>
      <file name="phase4-lottery-engine.ts" path="C:\xampp\htdocs\gen-z-lotto\src\lib\lottery\phase4-lottery-engine.ts">
        <metrics statements="204" coveredstatements="191" conditionals="75" coveredconditionals="54" methods="34" coveredmethods="34"/>
        <line num="1" count="3" type="stmt"/>
        <line num="7" count="3" type="stmt"/>
        <line num="18" count="4" type="stmt"/>
        <line num="19" count="4" type="stmt"/>
        <line num="22" count="2" type="stmt"/>
        <line num="23" count="2" type="stmt"/>
        <line num="26" count="2" type="stmt"/>
        <line num="27" count="5" type="stmt"/>
        <line num="30" count="3" type="stmt"/>
        <line num="31" count="4" type="stmt"/>
        <line num="34" count="11" type="stmt"/>
        <line num="46" count="3" type="stmt"/>
        <line num="55" count="12" type="stmt"/>
        <line num="104" count="11" type="stmt"/>
        <line num="106" count="10" type="cond" truecount="3" falsecount="0"/>
        <line num="107" count="7" type="cond" truecount="3" falsecount="0"/>
        <line num="108" count="5" type="cond" truecount="1" falsecount="0"/>
        <line num="110" count="5" type="stmt"/>
        <line num="111" count="5" type="stmt"/>
        <line num="112" count="7" type="stmt"/>
        <line num="114" count="5" type="stmt"/>
        <line num="118" count="694" type="cond" truecount="1" falsecount="0"/>
        <line num="119" count="383" type="cond" truecount="3" falsecount="0"/>
        <line num="121" count="343" type="stmt"/>
        <line num="122" count="343" type="stmt"/>
        <line num="124" count="624" type="stmt"/>
        <line num="125" count="343" type="stmt"/>
        <line num="127" count="343" type="stmt"/>
        <line num="131" count="3" type="stmt"/>
        <line num="132" count="3" type="stmt"/>
        <line num="133" count="4" type="stmt"/>
        <line num="134" count="8" type="cond" truecount="1" falsecount="0"/>
        <line num="135" count="7" type="stmt"/>
        <line num="139" count="3" type="stmt"/>
        <line num="160" count="20" type="stmt"/>
        <line num="161" count="20" type="stmt"/>
        <line num="162" count="68" type="cond" truecount="2" falsecount="0"/>
        <line num="163" count="1" type="stmt"/>
        <line num="164" count="67" type="cond" truecount="3" falsecount="0"/>
        <line num="165" count="2" type="stmt"/>
        <line num="170" count="20" type="stmt"/>
        <line num="174" count="10" type="stmt"/>
        <line num="182" count="16" type="stmt"/>
        <line num="183" count="16" type="stmt"/>
        <line num="185" count="16" type="cond" truecount="1" falsecount="0"/>
        <line num="186" count="1" type="stmt"/>
        <line num="190" count="16" type="cond" truecount="0" falsecount="1"/>
        <line num="191" count="0" type="stmt"/>
        <line num="195" count="16" type="cond" truecount="1" falsecount="0"/>
        <line num="199" count="1" type="stmt"/>
        <line num="204" count="16" type="stmt"/>
        <line num="214" count="4" type="stmt"/>
        <line num="222" count="6" type="stmt"/>
        <line num="223" count="12" type="cond" truecount="1" falsecount="1"/>
        <line num="225" count="6" type="stmt"/>
        <line num="227" count="6" type="cond" truecount="3" falsecount="0"/>
        <line num="228" count="1" type="stmt"/>
        <line num="231" count="6" type="cond" truecount="1" falsecount="0"/>
        <line num="232" count="1" type="stmt"/>
        <line num="236" count="6" type="cond" truecount="0" falsecount="1"/>
        <line num="237" count="0" type="stmt"/>
        <line num="242" count="6" type="stmt"/>
        <line num="243" count="6" type="stmt"/>
        <line num="245" count="6" type="stmt"/>
        <line num="246" count="6" type="stmt"/>
        <line num="248" count="6" type="stmt"/>
        <line num="249" count="6" type="cond" truecount="1" falsecount="0"/>
        <line num="250" count="3" type="stmt"/>
        <line num="253" count="6" type="stmt"/>
        <line num="266" count="4" type="stmt"/>
        <line num="274" count="2" type="stmt"/>
        <line num="275" count="26" type="cond" truecount="1" falsecount="1"/>
        <line num="277" count="2" type="cond" truecount="1" falsecount="0"/>
        <line num="278" count="1" type="stmt"/>
        <line num="283" count="2" type="stmt"/>
        <line num="285" count="2" type="cond" truecount="2" falsecount="1"/>
        <line num="286" count="0" type="stmt"/>
        <line num="289" count="2" type="cond" truecount="0" falsecount="1"/>
        <line num="290" count="0" type="stmt"/>
        <line num="293" count="2" type="stmt"/>
        <line num="295" count="2" type="cond" truecount="0" falsecount="1"/>
        <line num="296" count="0" type="stmt"/>
        <line num="301" count="2" type="stmt"/>
        <line num="302" count="2" type="stmt"/>
        <line num="303" count="2" type="stmt"/>
        <line num="305" count="2" type="stmt"/>
        <line num="306" count="2" type="cond" truecount="1" falsecount="0"/>
        <line num="307" count="2" type="stmt"/>
        <line num="312" count="2" type="stmt"/>
        <line num="325" count="4" type="stmt"/>
        <line num="333" count="2" type="stmt"/>
        <line num="334" count="4" type="cond" truecount="1" falsecount="1"/>
        <line num="336" count="2" type="cond" truecount="0" falsecount="1"/>
        <line num="337" count="0" type="stmt"/>
        <line num="342" count="2" type="stmt"/>
        <line num="344" count="2" type="cond" truecount="2" falsecount="1"/>
        <line num="345" count="0" type="stmt"/>
        <line num="348" count="2" type="cond" truecount="1" falsecount="0"/>
        <line num="349" count="1" type="stmt"/>
        <line num="352" count="2" type="stmt"/>
        <line num="354" count="2" type="cond" truecount="0" falsecount="1"/>
        <line num="355" count="0" type="stmt"/>
        <line num="360" count="2" type="stmt"/>
        <line num="361" count="2" type="stmt"/>
        <line num="362" count="2" type="stmt"/>
        <line num="364" count="2" type="stmt"/>
        <line num="365" count="2" type="cond" truecount="1" falsecount="0"/>
        <line num="366" count="2" type="stmt"/>
        <line num="371" count="2" type="stmt"/>
        <line num="384" count="4" type="stmt"/>
        <line num="392" count="2" type="stmt"/>
        <line num="393" count="2" type="cond" truecount="1" falsecount="1"/>
        <line num="394" count="3" type="cond" truecount="1" falsecount="1"/>
        <line num="396" count="2" type="stmt"/>
        <line num="397" count="2" type="stmt"/>
        <line num="399" count="2" type="cond" truecount="0" falsecount="1"/>
        <line num="400" count="0" type="stmt"/>
        <line num="402" count="2" type="cond" truecount="0" falsecount="1"/>
        <line num="403" count="0" type="stmt"/>
        <line num="406" count="3" type="stmt"/>
        <line num="407" count="2" type="cond" truecount="1" falsecount="0"/>
        <line num="408" count="1" type="stmt"/>
        <line num="413" count="2" type="stmt"/>
        <line num="414" count="2" type="stmt"/>
        <line num="415" count="3" type="stmt"/>
        <line num="416" count="7" type="stmt"/>
        <line num="420" count="2" type="stmt"/>
        <line num="421" count="2" type="cond" truecount="0" falsecount="1"/>
        <line num="422" count="0" type="stmt"/>
        <line num="425" count="2" type="stmt"/>
        <line num="426" count="2" type="stmt"/>
        <line num="428" count="2" type="stmt"/>
        <line num="429" count="2" type="cond" truecount="1" falsecount="0"/>
        <line num="430" count="2" type="stmt"/>
        <line num="435" count="2" type="stmt"/>
        <line num="448" count="4" type="stmt"/>
        <line num="456" count="2" type="stmt"/>
        <line num="457" count="2" type="cond" truecount="1" falsecount="1"/>
        <line num="458" count="2" type="cond" truecount="1" falsecount="1"/>
        <line num="460" count="2" type="stmt"/>
        <line num="461" count="2" type="stmt"/>
        <line num="463" count="2" type="cond" truecount="3" falsecount="0"/>
        <line num="464" count="1" type="stmt"/>
        <line num="467" count="2" type="stmt"/>
        <line num="468" count="2" type="cond" truecount="0" falsecount="1"/>
        <line num="469" count="0" type="stmt"/>
        <line num="474" count="2" type="stmt"/>
        <line num="475" count="4" type="stmt"/>
        <line num="477" count="2" type="stmt"/>
        <line num="478" count="2" type="cond" truecount="0" falsecount="1"/>
        <line num="479" count="0" type="stmt"/>
        <line num="482" count="2" type="stmt"/>
        <line num="483" count="2" type="stmt"/>
        <line num="485" count="2" type="stmt"/>
        <line num="486" count="2" type="cond" truecount="1" falsecount="0"/>
        <line num="487" count="2" type="stmt"/>
        <line num="492" count="2" type="stmt"/>
        <line num="505" count="4" type="stmt"/>
        <line num="513" count="2" type="stmt"/>
        <line num="514" count="5" type="cond" truecount="1" falsecount="1"/>
        <line num="516" count="2" type="stmt"/>
        <line num="518" count="2" type="cond" truecount="1" falsecount="0"/>
        <line num="519" count="1" type="stmt"/>
        <line num="522" count="2" type="stmt"/>
        <line num="523" count="2" type="stmt"/>
        <line num="524" count="2" type="stmt"/>
        <line num="525" count="2" type="stmt"/>
        <line num="527" count="2" type="stmt"/>
        <line num="528" count="2" type="cond" truecount="1" falsecount="0"/>
        <line num="529" count="2" type="stmt"/>
        <line num="532" count="2" type="stmt"/>
        <line num="549" count="1" type="stmt"/>
        <line num="550" count="3" type="stmt"/>
        <line num="553" count="18" type="stmt"/>
        <line num="557" count="4" type="stmt"/>
        <line num="558" count="4" type="cond" truecount="1" falsecount="0"/>
        <line num="559" count="1" type="stmt"/>
        <line num="561" count="3" type="stmt"/>
        <line num="565" count="3" type="stmt"/>
        <line num="566" count="3" type="stmt"/>
        <line num="567" count="3" type="stmt"/>
        <line num="568" count="3" type="stmt"/>
        <line num="569" count="3" type="stmt"/>
        <line num="570" count="3" type="stmt"/>
        <line num="572" count="1" type="stmt"/>
        <line num="574" count="1" type="stmt"/>
        <line num="575" count="1" type="stmt"/>
        <line num="576" count="1" type="stmt"/>
        <line num="577" count="8" type="stmt"/>
        <line num="578" count="8" type="stmt"/>
        <line num="580" count="1" type="stmt"/>
        <line num="588" count="3" type="stmt"/>
        <line num="600" count="3" type="stmt"/>
        <line num="608" count="3" type="stmt"/>
        <line num="609" count="3" type="stmt"/>
        <line num="611" count="3" type="cond" truecount="1" falsecount="0"/>
        <line num="612" count="1" type="stmt"/>
        <line num="615" count="3" type="cond" truecount="1" falsecount="0"/>
        <line num="616" count="1" type="stmt"/>
        <line num="619" count="3" type="stmt"/>
        <line num="620" count="3" type="stmt"/>
        <line num="622" count="3" type="cond" truecount="1" falsecount="0"/>
        <line num="623" count="2" type="stmt"/>
        <line num="630" count="1" type="stmt"/>
      </file>
    </package>
    <package name="services">
      <metrics statements="205" coveredstatements="168" conditionals="129" coveredconditionals="76" methods="26" coveredmethods="24"/>
      <file name="admin-draw.service.ts" path="C:\xampp\htdocs\gen-z-lotto\src\services\admin-draw.service.ts">
        <metrics statements="28" coveredstatements="26" conditionals="13" coveredconditionals="7" methods="3" coveredmethods="3"/>
        <line num="1" count="3" type="stmt"/>
        <line num="3" count="3" type="stmt"/>
        <line num="5" count="3" type="stmt"/>
        <line num="22" count="7" type="stmt"/>
        <line num="24" count="1" type="stmt"/>
        <line num="33" count="1" type="cond" truecount="1" falsecount="0"/>
        <line num="34" count="1" type="stmt"/>
        <line num="44" count="1" type="stmt"/>
        <line num="48" count="2" type="stmt"/>
        <line num="49" count="2" type="cond" truecount="0" falsecount="1"/>
        <line num="51" count="2" type="stmt"/>
        <line num="52" count="2" type="cond" truecount="3" falsecount="0"/>
        <line num="53" count="1" type="stmt"/>
        <line num="56" count="1" type="stmt"/>
        <line num="58" count="1" type="cond" truecount="1" falsecount="2"/>
        <line num="59" count="0" type="stmt"/>
        <line num="62" count="1" type="stmt"/>
        <line num="67" count="1" type="stmt"/>
        <line num="76" count="1" type="stmt"/>
        <line num="80" count="2" type="stmt"/>
        <line num="81" count="2" type="cond" truecount="0" falsecount="1"/>
        <line num="83" count="2" type="cond" truecount="1" falsecount="0"/>
        <line num="84" count="1" type="stmt"/>
        <line num="87" count="1" type="cond" truecount="1" falsecount="2"/>
        <line num="88" count="0" type="stmt"/>
        <line num="91" count="1" type="stmt"/>
        <line num="104" count="1" type="stmt"/>
        <line num="113" count="1" type="stmt"/>
      </file>
      <file name="draw-settlement.service.ts" path="C:\xampp\htdocs\gen-z-lotto\src\services\draw-settlement.service.ts">
        <metrics statements="28" coveredstatements="27" conditionals="10" coveredconditionals="7" methods="1" coveredmethods="1"/>
        <line num="1" count="5" type="stmt"/>
        <line num="2" count="5" type="stmt"/>
        <line num="4" count="5" type="stmt"/>
        <line num="6" count="7" type="stmt"/>
        <line num="8" count="4" type="stmt"/>
        <line num="18" count="4" type="cond" truecount="1" falsecount="0"/>
        <line num="20" count="3" type="cond" truecount="1" falsecount="0"/>
        <line num="21" count="2" type="stmt"/>
        <line num="24" count="1" type="cond" truecount="1" falsecount="1"/>
        <line num="25" count="1" type="cond" truecount="2" falsecount="1"/>
        <line num="26" count="0" type="stmt"/>
        <line num="29" count="1" type="stmt"/>
        <line num="38" count="1" type="stmt"/>
        <line num="43" count="1" type="stmt"/>
        <line num="48" count="1" type="stmt"/>
        <line num="49" count="1" type="stmt"/>
        <line num="51" count="1" type="stmt"/>
        <line num="52" count="1" type="stmt"/>
        <line num="53" count="1" type="stmt"/>
        <line num="55" count="1" type="stmt"/>
        <line num="56" count="1" type="cond" truecount="1" falsecount="0"/>
        <line num="57" count="1" type="stmt"/>
        <line num="58" count="1" type="stmt"/>
        <line num="61" count="1" type="stmt"/>
        <line num="64" count="1" type="stmt"/>
        <line num="72" count="1" type="stmt"/>
        <line num="77" count="1" type="stmt"/>
        <line num="87" count="1" type="stmt"/>
      </file>
      <file name="ledger.service.ts" path="C:\xampp\htdocs\gen-z-lotto\src\services\ledger.service.ts">
        <metrics statements="24" coveredstatements="23" conditionals="31" coveredconditionals="24" methods="3" coveredmethods="3"/>
        <line num="1" count="2" type="stmt"/>
        <line num="2" count="2" type="stmt"/>
        <line num="4" count="2" type="stmt"/>
        <line num="19" count="3" type="stmt"/>
        <line num="37" count="2" type="cond" truecount="2" falsecount="0"/>
        <line num="40" count="2" type="stmt"/>
        <line num="41" count="2" type="stmt"/>
        <line num="43" count="2" type="stmt"/>
        <line num="44" count="4" type="cond" truecount="2" falsecount="0"/>
        <line num="45" count="2" type="stmt"/>
        <line num="47" count="2" type="stmt"/>
        <line num="51" count="2" type="cond" truecount="1" falsecount="0"/>
        <line num="52" count="1" type="stmt"/>
        <line num="55" count="1" type="stmt"/>
        <line num="57" count="1" type="stmt"/>
        <line num="71" count="1" type="stmt"/>
        <line num="72" count="2" type="stmt"/>
        <line num="83" count="1" type="stmt"/>
        <line num="87" count="1" type="cond" truecount="1" falsecount="1"/>
        <line num="88" count="0" type="stmt"/>
        <line num="90" count="1" type="stmt"/>
        <line num="108" count="1" type="cond" truecount="1" falsecount="1"/>
        <line num="109" count="1" type="cond" truecount="3" falsecount="1"/>
        <line num="111" count="1" type="stmt"/>
      </file>
      <file name="momo-deposit.service.ts" path="C:\xampp\htdocs\gen-z-lotto\src\services\momo-deposit.service.ts">
        <metrics statements="28" coveredstatements="21" conditionals="14" coveredconditionals="7" methods="3" coveredmethods="3"/>
        <line num="1" count="1" type="stmt"/>
        <line num="3" count="1" type="stmt"/>
        <line num="5" count="2" type="stmt"/>
        <line num="11" count="2" type="stmt"/>
        <line num="13" count="2" type="stmt"/>
        <line num="18" count="2" type="cond" truecount="0" falsecount="1"/>
        <line num="19" count="0" type="stmt"/>
        <line num="22" count="2" type="stmt"/>
        <line num="23" count="2" type="cond" truecount="2" falsecount="1"/>
        <line num="24" count="0" type="stmt"/>
        <line num="26" count="2" type="stmt"/>
        <line num="29" count="2" type="cond" truecount="1" falsecount="0"/>
        <line num="33" count="1" type="stmt"/>
        <line num="37" count="1" type="stmt"/>
        <line num="38" count="1" type="stmt"/>
        <line num="40" count="1" type="cond" truecount="0" falsecount="1"/>
        <line num="41" count="0" type="stmt"/>
        <line num="48" count="0" type="stmt"/>
        <line num="52" count="1" type="cond" truecount="0" falsecount="1"/>
        <line num="53" count="0" type="stmt"/>
        <line num="61" count="0" type="stmt"/>
        <line num="65" count="1" type="cond" truecount="2" falsecount="1"/>
        <line num="66" count="1" type="stmt"/>
        <line num="76" count="1" type="stmt"/>
        <line num="82" count="1" type="stmt"/>
        <line num="83" count="1" type="stmt"/>
        <line num="92" count="1" type="stmt"/>
        <line num="95" count="0" type="stmt"/>
      </file>
      <file name="payout-engine.ts" path="C:\xampp\htdocs\gen-z-lotto\src\services\payout-engine.ts">
        <metrics statements="3" coveredstatements="3" conditionals="0" coveredconditionals="0" methods="2" coveredmethods="2"/>
        <line num="1" count="4" type="stmt"/>
        <line num="3" count="2" type="stmt"/>
        <line num="4" count="1" type="stmt"/>
      </file>
      <file name="ticket.service.ts" path="C:\xampp\htdocs\gen-z-lotto\src\services\ticket.service.ts">
        <metrics statements="18" coveredstatements="13" conditionals="5" coveredconditionals="3" methods="2" coveredmethods="2"/>
        <line num="1" count="1" type="stmt"/>
        <line num="2" count="1" type="stmt"/>
        <line num="3" count="1" type="stmt"/>
        <line num="12" count="2" type="stmt"/>
        <line num="14" count="2" type="stmt"/>
        <line num="16" count="2" type="stmt"/>
        <line num="17" count="2" type="stmt"/>
        <line num="19" count="2" type="stmt"/>
        <line num="20" count="2" type="stmt"/>
        <line num="21" count="2" type="cond" truecount="0" falsecount="1"/>
        <line num="22" count="0" type="stmt"/>
        <line num="25" count="2" type="cond" truecount="3" falsecount="0"/>
        <line num="26" count="1" type="stmt"/>
        <line num="30" count="1" type="stmt"/>
        <line num="35" count="0" type="cond" truecount="0" falsecount="1"/>
        <line num="36" count="0" type="stmt"/>
        <line num="40" count="0" type="stmt"/>
        <line num="50" count="0" type="stmt"/>
      </file>
      <file name="wallet.service.ts" path="C:\xampp\htdocs\gen-z-lotto\src\services\wallet.service.ts">
        <metrics statements="76" coveredstatements="55" conditionals="56" coveredconditionals="28" methods="12" coveredmethods="10"/>
        <line num="7" count="6" type="stmt"/>
        <line num="9" count="6" type="stmt"/>
        <line num="11" count="18" type="stmt"/>
        <line num="12" count="6" type="cond" truecount="2" falsecount="0"/>
        <line num="21" count="6" type="cond" truecount="1" falsecount="0"/>
        <line num="23" count="9" type="stmt"/>
        <line num="35" count="4" type="cond" truecount="1" falsecount="1"/>
        <line num="36" count="4" type="cond" truecount="2" falsecount="0"/>
        <line num="38" count="4" type="stmt"/>
        <line num="39" count="4" type="stmt"/>
        <line num="43" count="4" type="cond" truecount="1" falsecount="0"/>
        <line num="44" count="1" type="stmt"/>
        <line num="47" count="3" type="cond" truecount="0" falsecount="1"/>
        <line num="48" count="0" type="stmt"/>
        <line num="51" count="3" type="stmt"/>
        <line num="55" count="3" type="cond" truecount="1" falsecount="2"/>
        <line num="56" count="0" type="stmt"/>
        <line num="65" count="3" type="stmt"/>
        <line num="86" count="3" type="stmt"/>
        <line num="95" count="3" type="stmt"/>
        <line num="106" count="3" type="stmt"/>
        <line num="127" count="0" type="cond" truecount="0" falsecount="2"/>
        <line num="128" count="0" type="cond" truecount="0" falsecount="2"/>
        <line num="130" count="0" type="stmt"/>
        <line num="131" count="0" type="stmt"/>
        <line num="132" count="0" type="cond" truecount="0" falsecount="3"/>
        <line num="133" count="0" type="stmt"/>
        <line num="135" count="0" type="cond" truecount="0" falsecount="1"/>
        <line num="136" count="0" type="stmt"/>
        <line num="139" count="0" type="stmt"/>
        <line num="147" count="0" type="stmt"/>
        <line num="160" count="0" type="stmt"/>
        <line num="179" count="1" type="stmt"/>
        <line num="180" count="1" type="stmt"/>
        <line num="181" count="1" type="cond" truecount="2" falsecount="1"/>
        <line num="182" count="0" type="stmt"/>
        <line num="184" count="1" type="cond" truecount="1" falsecount="0"/>
        <line num="185" count="1" type="stmt"/>
        <line num="188" count="0" type="stmt"/>
        <line num="196" count="0" type="stmt"/>
        <line num="208" count="0" type="stmt"/>
        <line num="227" count="2" type="stmt"/>
        <line num="228" count="2" type="stmt"/>
        <line num="229" count="2" type="cond" truecount="0" falsecount="1"/>
        <line num="231" count="2" type="cond" truecount="1" falsecount="0"/>
        <line num="232" count="1" type="stmt"/>
        <line num="235" count="1" type="stmt"/>
        <line num="242" count="1" type="stmt"/>
        <line num="254" count="1" type="stmt"/>
        <line num="265" count="1" type="stmt"/>
        <line num="285" count="1" type="cond" truecount="1" falsecount="1"/>
        <line num="287" count="1" type="stmt"/>
        <line num="288" count="1" type="stmt"/>
        <line num="292" count="1" type="cond" truecount="0" falsecount="1"/>
        <line num="293" count="0" type="stmt"/>
        <line num="296" count="1" type="stmt"/>
        <line num="300" count="1" type="cond" truecount="0" falsecount="1"/>
        <line num="301" count="0" type="stmt"/>
        <line num="304" count="1" type="cond" truecount="0" falsecount="1"/>
        <line num="305" count="0" type="stmt"/>
        <line num="314" count="1" type="stmt"/>
        <line num="323" count="1" type="stmt"/>
        <line num="332" count="1" type="stmt"/>
        <line num="343" count="1" type="stmt"/>
        <line num="363" count="1" type="stmt"/>
        <line num="364" count="1" type="stmt"/>
        <line num="368" count="1" type="cond" truecount="0" falsecount="1"/>
        <line num="369" count="0" type="stmt"/>
        <line num="372" count="1" type="stmt"/>
        <line num="373" count="1" type="cond" truecount="1" falsecount="0"/>
        <line num="374" count="1" type="stmt"/>
        <line num="378" count="1" type="cond" truecount="1" falsecount="0"/>
        <line num="379" count="1" type="stmt"/>
        <line num="386" count="1" type="stmt"/>
        <line num="398" count="1" type="cond" truecount="1" falsecount="1"/>
        <line num="399" count="1" type="stmt"/>
      </file>
    </package>
  </project>
</coverage>
