{"C:\\xampp\\htdocs\\gen-z-lotto\\src\\app\\api\\admin\\draws\\route.ts": {"path":"C:\\xampp\\htdocs\\gen-z-lotto\\src\\app\\api\\admin\\draws\\route.ts","statementMap":{"0":{"start":{"line":7,"column":22},"end":{"line":7,"column":null}},"1":{"start":{"line":22,"column":22},"end":{"line":22,"column":27}},"2":{"start":{"line":1,"column":29},"end":{"line":1,"column":null}},"3":{"start":{"line":2,"column":33},"end":{"line":2,"column":null}},"4":{"start":{"line":3,"column":29},"end":{"line":3,"column":null}},"5":{"start":{"line":5,"column":15},"end":{"line":5,"column":null}},"6":{"start":{"line":8,"column":2},"end":{"line":19,"column":null}},"7":{"start":{"line":9,"column":18},"end":{"line":15,"column":null}},"8":{"start":{"line":16,"column":4},"end":{"line":16,"column":null}},"9":{"start":{"line":18,"column":4},"end":{"line":18,"column":null}},"10":{"start":{"line":23,"column":2},"end":{"line":44,"column":null}},"11":{"start":{"line":24,"column":17},"end":{"line":24,"column":null}},"12":{"start":{"line":25,"column":61},"end":{"line":25,"column":null}},"13":{"start":{"line":27,"column":4},"end":{"line":32,"column":null}},"14":{"start":{"line":28,"column":6},"end":{"line":30,"column":null}},"15":{"start":{"line":34,"column":17},"end":{"line":39,"column":null}},"16":{"start":{"line":41,"column":4},"end":{"line":41,"column":null}},"17":{"start":{"line":43,"column":4},"end":{"line":43,"column":null}}},"fnMap":{"0":{"name":"GET","decl":{"start":{"line":7,"column":22},"end":{"line":7,"column":null}},"loc":{"start":{"line":7,"column":22},"end":{"line":20,"column":null}}},"1":{"name":"POST","decl":{"start":{"line":22,"column":22},"end":{"line":22,"column":27}},"loc":{"start":{"line":22,"column":39},"end":{"line":45,"column":null}}}},"branchMap":{"0":{"loc":{"start":{"line":27,"column":4},"end":{"line":32,"column":null}},"type":"if","locations":[{"start":{"line":27,"column":4},"end":{"line":32,"column":null}}]},"1":{"loc":{"start":{"line":27,"column":8},"end":{"line":27,"column":64}},"type":"binary-expr","locations":[{"start":{"line":27,"column":8},"end":{"line":27,"column":19}},{"start":{"line":27,"column":19},"end":{"line":27,"column":34}},{"start":{"line":27,"column":34},"end":{"line":27,"column":50}},{"start":{"line":27,"column":50},"end":{"line":27,"column":64}}]}},"s":{"0":0,"1":6,"2":2,"3":2,"4":2,"5":2,"6":0,"7":0,"8":0,"9":0,"10":6,"11":6,"12":6,"13":6,"14":5,"15":1,"16":1,"17":0},"f":{"0":0,"1":6},"b":{"0":[5],"1":[6,6,4,4]}}
,"C:\\xampp\\htdocs\\gen-z-lotto\\src\\app\\api\\admin\\draws\\[id]\\settle\\route.ts": {"path":"C:\\xampp\\htdocs\\gen-z-lotto\\src\\app\\api\\admin\\draws\\[id]\\settle\\route.ts","statementMap":{"0":{"start":{"line":4,"column":22},"end":{"line":4,"column":null}},"1":{"start":{"line":1,"column":29},"end":{"line":1,"column":null}},"2":{"start":{"line":2,"column":38},"end":{"line":2,"column":null}},"3":{"start":{"line":8,"column":2},"end":{"line":27,"column":null}},"4":{"start":{"line":9,"column":19},"end":{"line":9,"column":null}},"5":{"start":{"line":10,"column":17},"end":{"line":10,"column":null}},"6":{"start":{"line":11,"column":28},"end":{"line":11,"column":null}},"7":{"start":{"line":13,"column":4},"end":{"line":18,"column":null}},"8":{"start":{"line":14,"column":6},"end":{"line":16,"column":null}},"9":{"start":{"line":20,"column":17},"end":{"line":20,"column":null}},"10":{"start":{"line":21,"column":4},"end":{"line":21,"column":null}},"11":{"start":{"line":23,"column":4},"end":{"line":25,"column":null}}},"fnMap":{"0":{"name":"POST","decl":{"start":{"line":4,"column":22},"end":{"line":4,"column":null}},"loc":{"start":{"line":6,"column":49},"end":{"line":28,"column":null}}}},"branchMap":{"0":{"loc":{"start":{"line":13,"column":4},"end":{"line":18,"column":null}},"type":"if","locations":[{"start":{"line":13,"column":4},"end":{"line":18,"column":null}}]}},"s":{"0":4,"1":2,"2":2,"3":4,"4":4,"5":4,"6":4,"7":4,"8":1,"9":3,"10":1,"11":2},"f":{"0":4},"b":{"0":[1]}}
,"C:\\xampp\\htdocs\\gen-z-lotto\\src\\app\\api\\admin\\draws\\[id]\\winning-number\\route.ts": {"path":"C:\\xampp\\htdocs\\gen-z-lotto\\src\\app\\api\\admin\\draws\\[id]\\winning-number\\route.ts","statementMap":{"0":{"start":{"line":4,"column":22},"end":{"line":4,"column":null}},"1":{"start":{"line":1,"column":29},"end":{"line":1,"column":null}},"2":{"start":{"line":2,"column":33},"end":{"line":2,"column":null}},"3":{"start":{"line":8,"column":2},"end":{"line":26,"column":null}},"4":{"start":{"line":9,"column":19},"end":{"line":9,"column":null}},"5":{"start":{"line":10,"column":17},"end":{"line":10,"column":null}},"6":{"start":{"line":11,"column":44},"end":{"line":11,"column":null}},"7":{"start":{"line":13,"column":20},"end":{"line":13,"column":null}},"8":{"start":{"line":15,"column":4},"end":{"line":20,"column":null}},"9":{"start":{"line":16,"column":6},"end":{"line":18,"column":null}},"10":{"start":{"line":22,"column":17},"end":{"line":22,"column":null}},"11":{"start":{"line":23,"column":4},"end":{"line":23,"column":null}},"12":{"start":{"line":25,"column":4},"end":{"line":25,"column":null}}},"fnMap":{"0":{"name":"POST","decl":{"start":{"line":4,"column":22},"end":{"line":4,"column":null}},"loc":{"start":{"line":6,"column":49},"end":{"line":27,"column":null}}}},"branchMap":{"0":{"loc":{"start":{"line":13,"column":20},"end":{"line":13,"column":null}},"type":"binary-expr","locations":[{"start":{"line":13,"column":20},"end":{"line":13,"column":35}},{"start":{"line":13,"column":35},"end":{"line":13,"column":null}}]},"1":{"loc":{"start":{"line":15,"column":4},"end":{"line":20,"column":null}},"type":"if","locations":[{"start":{"line":15,"column":4},"end":{"line":20,"column":null}}]}},"s":{"0":5,"1":2,"2":2,"3":5,"4":5,"5":5,"6":5,"7":5,"8":5,"9":1,"10":4,"11":2,"12":3},"f":{"0":5},"b":{"0":[5,5],"1":[1]}}
,"C:\\xampp\\htdocs\\gen-z-lotto\\src\\app\\api\\tickets\\route.ts": {"path":"C:\\xampp\\htdocs\\gen-z-lotto\\src\\app\\api\\tickets\\route.ts","statementMap":{"0":{"start":{"line":7,"column":22},"end":{"line":7,"column":null}},"1":{"start":{"line":1,"column":29},"end":{"line":1,"column":null}},"2":{"start":{"line":2,"column":28},"end":{"line":2,"column":null}},"3":{"start":{"line":3,"column":23},"end":{"line":3,"column":null}},"4":{"start":{"line":4,"column":30},"end":{"line":4,"column":null}},"5":{"start":{"line":5,"column":19},"end":{"line":5,"column":null}},"6":{"start":{"line":11,"column":2},"end":{"line":201,"column":null}},"7":{"start":{"line":12,"column":17},"end":{"line":12,"column":null}},"8":{"start":{"line":13,"column":4},"end":{"line":15,"column":null}},"9":{"start":{"line":14,"column":6},"end":{"line":14,"column":null}},"10":{"start":{"line":17,"column":19},"end":{"line":17,"column":31}},"11":{"start":{"line":19,"column":17},"end":{"line":19,"column":null}},"12":{"start":{"line":27,"column":8},"end":{"line":27,"column":null}},"13":{"start":{"line":29,"column":4},"end":{"line":53,"column":null}},"14":{"start":{"line":30,"column":25},"end":{"line":32,"column":null}},"15":{"start":{"line":34,"column":6},"end":{"line":52,"column":null}},"16":{"start":{"line":35,"column":31},"end":{"line":37,"column":null}},"17":{"start":{"line":39,"column":8},"end":{"line":51,"column":null}},"18":{"start":{"line":40,"column":10},"end":{"line":49,"column":null}},"19":{"start":{"line":55,"column":4},"end":{"line":60,"column":null}},"20":{"start":{"line":56,"column":6},"end":{"line":58,"column":null}},"21":{"start":{"line":62,"column":26},"end":{"line":62,"column":80}},"22":{"start":{"line":63,"column":26},"end":{"line":64,"column":null}},"23":{"start":{"line":64,"column":21},"end":{"line":64,"column":null}},"24":{"start":{"line":67,"column":4},"end":{"line":72,"column":null}},"25":{"start":{"line":68,"column":6},"end":{"line":70,"column":null}},"26":{"start":{"line":74,"column":22},"end":{"line":74,"column":null}},"27":{"start":{"line":75,"column":22},"end":{"line":75,"column":null}},"28":{"start":{"line":77,"column":4},"end":{"line":86,"column":null}},"29":{"start":{"line":82,"column":6},"end":{"line":84,"column":null}},"30":{"start":{"line":88,"column":25},"end":{"line":153,"column":null}},"31":{"start":{"line":89,"column":19},"end":{"line":91,"column":null}},"32":{"start":{"line":93,"column":6},"end":{"line":95,"column":null}},"33":{"start":{"line":94,"column":8},"end":{"line":94,"column":null}},"34":{"start":{"line":97,"column":18},"end":{"line":97,"column":null}},"35":{"start":{"line":98,"column":28},"end":{"line":98,"column":null}},"36":{"start":{"line":99,"column":27},"end":{"line":99,"column":null}},"37":{"start":{"line":101,"column":6},"end":{"line":103,"column":null}},"38":{"start":{"line":102,"column":8},"end":{"line":102,"column":null}},"39":{"start":{"line":105,"column":23},"end":{"line":107,"column":null}},"40":{"start":{"line":109,"column":33},"end":{"line":109,"column":69}},"41":{"start":{"line":110,"column":26},"end":{"line":110,"column":85}},"42":{"start":{"line":111,"column":27},"end":{"line":111,"column":83}},"43":{"start":{"line":113,"column":24},"end":{"line":121,"column":null}},"44":{"start":{"line":123,"column":6},"end":{"line":130,"column":null}},"45":{"start":{"line":132,"column":23},"end":{"line":136,"column":null}},"46":{"start":{"line":139,"column":6},"end":{"line":141,"column":null}},"47":{"start":{"line":140,"column":8},"end":{"line":140,"column":null}},"48":{"start":{"line":143,"column":6},"end":{"line":150,"column":null}},"49":{"start":{"line":152,"column":6},"end":{"line":152,"column":null}},"50":{"start":{"line":155,"column":4},"end":{"line":165,"column":null}},"51":{"start":{"line":168,"column":4},"end":{"line":173,"column":null}},"52":{"start":{"line":169,"column":6},"end":{"line":171,"column":null}},"53":{"start":{"line":175,"column":4},"end":{"line":180,"column":null}},"54":{"start":{"line":176,"column":6},"end":{"line":178,"column":null}},"55":{"start":{"line":182,"column":4},"end":{"line":191,"column":null}},"56":{"start":{"line":187,"column":6},"end":{"line":189,"column":null}},"57":{"start":{"line":193,"column":4},"end":{"line":193,"column":null}},"58":{"start":{"line":194,"column":4},"end":{"line":199,"column":null}}},"fnMap":{"0":{"name":"POST","decl":{"start":{"line":7,"column":22},"end":{"line":7,"column":null}},"loc":{"start":{"line":9,"column":57},"end":{"line":202,"column":null}}},"1":{"name":"(anonymous_3)","decl":{"start":{"line":64,"column":6},"end":{"line":64,"column":7}},"loc":{"start":{"line":64,"column":21},"end":{"line":64,"column":null}}},"2":{"name":"(anonymous_4)","decl":{"start":{"line":88,"column":51},"end":{"line":88,"column":58}},"loc":{"start":{"line":88,"column":58},"end":{"line":153,"column":null}}}},"branchMap":{"0":{"loc":{"start":{"line":13,"column":4},"end":{"line":15,"column":null}},"type":"if","locations":[{"start":{"line":13,"column":4},"end":{"line":15,"column":null}}]},"1":{"loc":{"start":{"line":24,"column":6},"end":{"line":24,"column":27}},"type":"default-arg","locations":[{"start":{"line":24,"column":25},"end":{"line":24,"column":27}}]},"2":{"loc":{"start":{"line":29,"column":4},"end":{"line":53,"column":null}},"type":"if","locations":[{"start":{"line":29,"column":4},"end":{"line":53,"column":null}}]},"3":{"loc":{"start":{"line":34,"column":6},"end":{"line":52,"column":null}},"type":"if","locations":[{"start":{"line":34,"column":6},"end":{"line":52,"column":null}}]},"4":{"loc":{"start":{"line":39,"column":8},"end":{"line":51,"column":null}},"type":"if","locations":[{"start":{"line":39,"column":8},"end":{"line":51,"column":null}}]},"5":{"loc":{"start":{"line":55,"column":4},"end":{"line":60,"column":null}},"type":"if","locations":[{"start":{"line":55,"column":4},"end":{"line":60,"column":null}}]},"6":{"loc":{"start":{"line":55,"column":8},"end":{"line":55,"column":71}},"type":"binary-expr","locations":[{"start":{"line":55,"column":8},"end":{"line":55,"column":42}},{"start":{"line":55,"column":42},"end":{"line":55,"column":71}}]},"7":{"loc":{"start":{"line":64,"column":21},"end":{"line":64,"column":null}},"type":"binary-expr","locations":[{"start":{"line":64,"column":21},"end":{"line":64,"column":46}},{"start":{"line":64,"column":46},"end":{"line":64,"column":55}},{"start":{"line":64,"column":55},"end":{"line":64,"column":null}}]},"8":{"loc":{"start":{"line":67,"column":4},"end":{"line":72,"column":null}},"type":"if","locations":[{"start":{"line":67,"column":4},"end":{"line":72,"column":null}}]},"9":{"loc":{"start":{"line":67,"column":8},"end":{"line":67,"column":40}},"type":"binary-expr","locations":[{"start":{"line":67,"column":8},"end":{"line":67,"column":25}},{"start":{"line":67,"column":25},"end":{"line":67,"column":40}}]},"10":{"loc":{"start":{"line":77,"column":4},"end":{"line":86,"column":null}},"type":"if","locations":[{"start":{"line":77,"column":4},"end":{"line":86,"column":null}}]},"11":{"loc":{"start":{"line":78,"column":6},"end":{"line":80,"column":null}},"type":"binary-expr","locations":[{"start":{"line":78,"column":6},"end":{"line":78,"column":null}},{"start":{"line":79,"column":6},"end":{"line":79,"column":null}},{"start":{"line":80,"column":6},"end":{"line":80,"column":null}}]},"12":{"loc":{"start":{"line":93,"column":6},"end":{"line":95,"column":null}},"type":"if","locations":[{"start":{"line":93,"column":6},"end":{"line":95,"column":null}}]},"13":{"loc":{"start":{"line":99,"column":27},"end":{"line":99,"column":null}},"type":"binary-expr","locations":[{"start":{"line":99,"column":27},"end":{"line":99,"column":53}},{"start":{"line":99,"column":53},"end":{"line":99,"column":null}}]},"14":{"loc":{"start":{"line":101,"column":6},"end":{"line":103,"column":null}},"type":"if","locations":[{"start":{"line":101,"column":6},"end":{"line":103,"column":null}}]},"15":{"loc":{"start":{"line":101,"column":10},"end":{"line":101,"column":49}},"type":"binary-expr","locations":[{"start":{"line":101,"column":10},"end":{"line":101,"column":27}},{"start":{"line":101,"column":27},"end":{"line":101,"column":49}}]},"16":{"loc":{"start":{"line":106,"column":23},"end":{"line":106,"column":83}},"type":"binary-expr","locations":[{"start":{"line":106,"column":23},"end":{"line":106,"column":72}},{"start":{"line":106,"column":72},"end":{"line":106,"column":83}}]},"17":{"loc":{"start":{"line":109,"column":33},"end":{"line":109,"column":69}},"type":"cond-expr","locations":[{"start":{"line":109,"column":44},"end":{"line":109,"column":55}},{"start":{"line":109,"column":58},"end":{"line":109,"column":69}}]},"18":{"loc":{"start":{"line":139,"column":6},"end":{"line":141,"column":null}},"type":"if","locations":[{"start":{"line":139,"column":6},"end":{"line":141,"column":null}}]},"19":{"loc":{"start":{"line":168,"column":4},"end":{"line":173,"column":null}},"type":"if","locations":[{"start":{"line":168,"column":4},"end":{"line":173,"column":null}}]},"20":{"loc":{"start":{"line":175,"column":4},"end":{"line":180,"column":null}},"type":"if","locations":[{"start":{"line":175,"column":4},"end":{"line":180,"column":null}}]},"21":{"loc":{"start":{"line":182,"column":4},"end":{"line":191,"column":null}},"type":"if","locations":[{"start":{"line":182,"column":4},"end":{"line":191,"column":null}}]},"22":{"loc":{"start":{"line":183,"column":6},"end":{"line":185,"column":null}},"type":"binary-expr","locations":[{"start":{"line":183,"column":6},"end":{"line":183,"column":null}},{"start":{"line":184,"column":6},"end":{"line":184,"column":null}},{"start":{"line":185,"column":6},"end":{"line":185,"column":null}}]}},"s":{"0":26,"1":2,"2":2,"3":2,"4":2,"5":2,"6":26,"7":26,"8":26,"9":3,"10":23,"11":23,"12":23,"13":23,"14":2,"15":2,"16":1,"17":1,"18":1,"19":22,"20":1,"21":21,"22":21,"23":22,"24":21,"25":5,"26":16,"27":16,"28":16,"29":4,"30":12,"31":12,"32":12,"33":1,"34":11,"35":11,"36":11,"37":11,"38":5,"39":6,"40":6,"41":6,"42":6,"43":6,"44":5,"45":5,"46":4,"47":1,"48":3,"49":3,"50":3,"51":9,"52":1,"53":8,"54":5,"55":3,"56":2,"57":1,"58":1},"f":{"0":26,"1":22,"2":12},"b":{"0":[3],"1":[0],"2":[2],"3":[1],"4":[1],"5":[1],"6":[22,22],"7":[22,22,20],"8":[5],"9":[21,20],"10":[4],"11":[16,16,13],"12":[1],"13":[11,4],"14":[5],"15":[11,7],"16":[6,0],"17":[6,0],"18":[1],"19":[1],"20":[5],"21":[2],"22":[3,1,1]}}
,"C:\\xampp\\htdocs\\gen-z-lotto\\src\\app\\api\\tickets\\[id]\\route.ts": {"path":"C:\\xampp\\htdocs\\gen-z-lotto\\src\\app\\api\\tickets\\[id]\\route.ts","statementMap":{"0":{"start":{"line":5,"column":22},"end":{"line":5,"column":null}},"1":{"start":{"line":1,"column":29},"end":{"line":1,"column":null}},"2":{"start":{"line":2,"column":28},"end":{"line":2,"column":null}},"3":{"start":{"line":3,"column":23},"end":{"line":3,"column":null}},"4":{"start":{"line":9,"column":2},"end":{"line":65,"column":null}},"5":{"start":{"line":10,"column":17},"end":{"line":10,"column":null}},"6":{"start":{"line":11,"column":4},"end":{"line":13,"column":null}},"7":{"start":{"line":12,"column":6},"end":{"line":12,"column":null}},"8":{"start":{"line":15,"column":19},"end":{"line":15,"column":39}},"9":{"start":{"line":17,"column":19},"end":{"line":30,"column":null}},"10":{"start":{"line":32,"column":4},"end":{"line":37,"column":null}},"11":{"start":{"line":33,"column":6},"end":{"line":35,"column":null}},"12":{"start":{"line":39,"column":4},"end":{"line":44,"column":null}},"13":{"start":{"line":40,"column":6},"end":{"line":42,"column":null}},"14":{"start":{"line":46,"column":4},"end":{"line":54,"column":null}},"15":{"start":{"line":57,"column":4},"end":{"line":57,"column":null}},"16":{"start":{"line":58,"column":4},"end":{"line":63,"column":null}}},"fnMap":{"0":{"name":"GET","decl":{"start":{"line":5,"column":22},"end":{"line":5,"column":null}},"loc":{"start":{"line":7,"column":46},"end":{"line":66,"column":null}}}},"branchMap":{"0":{"loc":{"start":{"line":11,"column":4},"end":{"line":13,"column":null}},"type":"if","locations":[{"start":{"line":11,"column":4},"end":{"line":13,"column":null}}]},"1":{"loc":{"start":{"line":32,"column":4},"end":{"line":37,"column":null}},"type":"if","locations":[{"start":{"line":32,"column":4},"end":{"line":37,"column":null}}]},"2":{"loc":{"start":{"line":39,"column":4},"end":{"line":44,"column":null}},"type":"if","locations":[{"start":{"line":39,"column":4},"end":{"line":44,"column":null}}]},"3":{"loc":{"start":{"line":39,"column":8},"end":{"line":39,"column":73}},"type":"binary-expr","locations":[{"start":{"line":39,"column":8},"end":{"line":39,"column":38}},{"start":{"line":39,"column":42},"end":{"line":39,"column":73}}]}},"s":{"0":2,"1":1,"2":1,"3":1,"4":2,"5":2,"6":2,"7":0,"8":2,"9":2,"10":2,"11":0,"12":2,"13":1,"14":1,"15":0,"16":0},"f":{"0":2},"b":{"0":[0],"1":[0],"2":[1],"3":[2,1]}}
,"C:\\xampp\\htdocs\\gen-z-lotto\\src\\lib\\auth\\index.ts": {"path":"C:\\xampp\\htdocs\\gen-z-lotto\\src\\lib\\auth\\index.ts","statementMap":{"0":{"start":{"line":2,"column":14},"end":{"line":2,"column":null}},"1":{"start":{"line":3,"column":14},"end":{"line":3,"column":null}},"2":{"start":{"line":4,"column":14},"end":{"line":4,"column":null}},"3":{"start":{"line":5,"column":14},"end":{"line":5,"column":null}},"4":{"start":{"line":6,"column":14},"end":{"line":6,"column":null}}},"fnMap":{},"branchMap":{},"s":{"0":1,"1":1,"2":1,"3":1,"4":1},"f":{},"b":{}}
,"C:\\xampp\\htdocs\\gen-z-lotto\\src\\lib\\auth\\otp.ts": {"path":"C:\\xampp\\htdocs\\gen-z-lotto\\src\\lib\\auth\\otp.ts","statementMap":{"0":{"start":{"line":22,"column":22},"end":{"line":22,"column":42}},"1":{"start":{"line":8,"column":16},"end":{"line":8,"column":null}},"2":{"start":{"line":18,"column":16},"end":{"line":18,"column":24}},"3":{"start":{"line":68,"column":22},"end":{"line":68,"column":32}},"4":{"start":{"line":1,"column":19},"end":{"line":1,"column":null}},"5":{"start":{"line":2,"column":23},"end":{"line":2,"column":null}},"6":{"start":{"line":4,"column":31},"end":{"line":4,"column":null}},"7":{"start":{"line":5,"column":25},"end":{"line":5,"column":null}},"8":{"start":{"line":6,"column":32},"end":{"line":6,"column":null}},"9":{"start":{"line":9,"column":17},"end":{"line":9,"column":null}},"10":{"start":{"line":10,"column":12},"end":{"line":10,"column":null}},"11":{"start":{"line":11,"column":22},"end":{"line":11,"column":null}},"12":{"start":{"line":12,"column":2},"end":{"line":14,"column":null}},"13":{"start":{"line":12,"column":15},"end":{"line":12,"column":18}},"14":{"start":{"line":13,"column":4},"end":{"line":13,"column":null}},"15":{"start":{"line":15,"column":2},"end":{"line":15,"column":null}},"16":{"start":{"line":19,"column":2},"end":{"line":19,"column":null}},"17":{"start":{"line":24,"column":20},"end":{"line":27,"column":null}},"18":{"start":{"line":29,"column":2},"end":{"line":35,"column":null}},"19":{"start":{"line":30,"column":29},"end":{"line":30,"column":null}},"20":{"start":{"line":31,"column":4},"end":{"line":34,"column":null}},"21":{"start":{"line":32,"column":23},"end":{"line":32,"column":null}},"22":{"start":{"line":33,"column":6},"end":{"line":33,"column":null}},"23":{"start":{"line":37,"column":17},"end":{"line":37,"column":null}},"24":{"start":{"line":38,"column":19},"end":{"line":38,"column":null}},"25":{"start":{"line":39,"column":20},"end":{"line":39,"column":null}},"26":{"start":{"line":42,"column":2},"end":{"line":45,"column":null}},"27":{"start":{"line":47,"column":2},"end":{"line":55,"column":null}},"28":{"start":{"line":58,"column":22},"end":{"line":58,"column":null}},"29":{"start":{"line":59,"column":2},"end":{"line":63,"column":null}},"30":{"start":{"line":60,"column":4},"end":{"line":60,"column":null}},"31":{"start":{"line":65,"column":2},"end":{"line":65,"column":null}},"32":{"start":{"line":69,"column":24},"end":{"line":69,"column":null}},"33":{"start":{"line":71,"column":17},"end":{"line":78,"column":null}},"34":{"start":{"line":80,"column":2},"end":{"line":82,"column":null}},"35":{"start":{"line":81,"column":4},"end":{"line":81,"column":null}},"36":{"start":{"line":84,"column":2},"end":{"line":86,"column":null}},"37":{"start":{"line":85,"column":4},"end":{"line":85,"column":null}},"38":{"start":{"line":88,"column":2},"end":{"line":90,"column":null}},"39":{"start":{"line":89,"column":4},"end":{"line":89,"column":null}},"40":{"start":{"line":92,"column":2},"end":{"line":98,"column":null}},"41":{"start":{"line":93,"column":4},"end":{"line":96,"column":null}},"42":{"start":{"line":97,"column":4},"end":{"line":97,"column":null}},"43":{"start":{"line":101,"column":2},"end":{"line":104,"column":null}},"44":{"start":{"line":106,"column":2},"end":{"line":106,"column":null}}},"fnMap":{"0":{"name":"generateCryptoOTP","decl":{"start":{"line":8,"column":16},"end":{"line":8,"column":null}},"loc":{"start":{"line":8,"column":16},"end":{"line":16,"column":null}}},"1":{"name":"hashOTP","decl":{"start":{"line":18,"column":16},"end":{"line":18,"column":24}},"loc":{"start":{"line":18,"column":35},"end":{"line":20,"column":null}}},"2":{"name":"createAndDeliverOTP","decl":{"start":{"line":22,"column":22},"end":{"line":22,"column":42}},"loc":{"start":{"line":22,"column":104},"end":{"line":66,"column":null}}},"3":{"name":"verifyOTP","decl":{"start":{"line":68,"column":22},"end":{"line":68,"column":32}},"loc":{"start":{"line":68,"column":93},"end":{"line":107,"column":null}}}},"branchMap":{"0":{"loc":{"start":{"line":22,"column":63},"end":{"line":22,"column":87}},"type":"default-arg","locations":[{"start":{"line":22,"column":73},"end":{"line":22,"column":87}}]},"1":{"loc":{"start":{"line":29,"column":2},"end":{"line":35,"column":null}},"type":"if","locations":[{"start":{"line":29,"column":2},"end":{"line":35,"column":null}}]},"2":{"loc":{"start":{"line":31,"column":4},"end":{"line":34,"column":null}},"type":"if","locations":[{"start":{"line":31,"column":4},"end":{"line":34,"column":null}}]},"3":{"loc":{"start":{"line":58,"column":22},"end":{"line":58,"column":null}},"type":"binary-expr","locations":[{"start":{"line":58,"column":22},"end":{"line":58,"column":46}},{"start":{"line":58,"column":50},"end":{"line":58,"column":null}}]},"4":{"loc":{"start":{"line":59,"column":2},"end":{"line":63,"column":null}},"type":"if","locations":[{"start":{"line":59,"column":2},"end":{"line":63,"column":null}},{"start":{"line":61,"column":9},"end":{"line":63,"column":null}}]},"5":{"loc":{"start":{"line":59,"column":6},"end":{"line":59,"column":75}},"type":"binary-expr","locations":[{"start":{"line":59,"column":6},"end":{"line":59,"column":35}},{"start":{"line":59,"column":35},"end":{"line":59,"column":75}}]},"6":{"loc":{"start":{"line":68,"column":69},"end":{"line":68,"column":93}},"type":"default-arg","locations":[{"start":{"line":68,"column":79},"end":{"line":68,"column":93}}]},"7":{"loc":{"start":{"line":80,"column":2},"end":{"line":82,"column":null}},"type":"if","locations":[{"start":{"line":80,"column":2},"end":{"line":82,"column":null}}]},"8":{"loc":{"start":{"line":84,"column":2},"end":{"line":86,"column":null}},"type":"if","locations":[{"start":{"line":84,"column":2},"end":{"line":86,"column":null}}]},"9":{"loc":{"start":{"line":88,"column":2},"end":{"line":90,"column":null}},"type":"if","locations":[{"start":{"line":88,"column":2},"end":{"line":90,"column":null}}]},"10":{"loc":{"start":{"line":92,"column":2},"end":{"line":98,"column":null}},"type":"if","locations":[{"start":{"line":92,"column":2},"end":{"line":98,"column":null}}]}},"s":{"0":0,"1":3,"2":9,"3":1,"4":2,"5":2,"6":2,"7":2,"8":2,"9":3,"10":3,"11":3,"12":3,"13":3,"14":18,"15":3,"16":10,"17":0,"18":0,"19":0,"20":0,"21":0,"22":0,"23":0,"24":0,"25":0,"26":0,"27":0,"28":0,"29":0,"30":0,"31":0,"32":1,"33":1,"34":1,"35":1,"36":0,"37":0,"38":0,"39":0,"40":0,"41":0,"42":0,"43":0,"44":0},"f":{"0":3,"1":10,"2":0,"3":1},"b":{"0":[0],"1":[0],"2":[0],"3":[0,0],"4":[0,0],"5":[0,0],"6":[0],"7":[1],"8":[0],"9":[0],"10":[0]}}
,"C:\\xampp\\htdocs\\gen-z-lotto\\src\\lib\\auth\\password.ts": {"path":"C:\\xampp\\htdocs\\gen-z-lotto\\src\\lib\\auth\\password.ts","statementMap":{"0":{"start":{"line":6,"column":22},"end":{"line":6,"column":35}},"1":{"start":{"line":18,"column":22},"end":{"line":18,"column":37}},"2":{"start":{"line":1,"column":19},"end":{"line":1,"column":null}},"3":{"start":{"line":7,"column":2},"end":{"line":12,"column":null}},"4":{"start":{"line":19,"column":2},"end":{"line":23,"column":null}},"5":{"start":{"line":20,"column":4},"end":{"line":20,"column":null}},"6":{"start":{"line":22,"column":4},"end":{"line":22,"column":null}}},"fnMap":{"0":{"name":"hashPassword","decl":{"start":{"line":6,"column":22},"end":{"line":6,"column":35}},"loc":{"start":{"line":6,"column":51},"end":{"line":13,"column":null}}},"1":{"name":"verifyPassword","decl":{"start":{"line":18,"column":22},"end":{"line":18,"column":37}},"loc":{"start":{"line":18,"column":67},"end":{"line":24,"column":null}}}},"branchMap":{},"s":{"0":1,"1":3,"2":1,"3":1,"4":3,"5":3,"6":0},"f":{"0":1,"1":3},"b":{}}
,"C:\\xampp\\htdocs\\gen-z-lotto\\src\\lib\\auth\\phone.ts": {"path":"C:\\xampp\\htdocs\\gen-z-lotto\\src\\lib\\auth\\phone.ts","statementMap":{"0":{"start":{"line":23,"column":16},"end":{"line":23,"column":35}},"1":{"start":{"line":33,"column":16},"end":{"line":33,"column":32}},"2":{"start":{"line":8,"column":16},"end":{"line":8,"column":37}},"3":{"start":{"line":9,"column":16},"end":{"line":9,"column":null}},"4":{"start":{"line":11,"column":2},"end":{"line":15,"column":null}},"5":{"start":{"line":12,"column":4},"end":{"line":12,"column":null}},"6":{"start":{"line":13,"column":9},"end":{"line":15,"column":null}},"7":{"start":{"line":14,"column":4},"end":{"line":14,"column":null}},"8":{"start":{"line":17,"column":2},"end":{"line":17,"column":null}},"9":{"start":{"line":24,"column":21},"end":{"line":24,"column":null}},"10":{"start":{"line":26,"column":2},"end":{"line":26,"column":null}},"11":{"start":{"line":34,"column":2},"end":{"line":34,"column":null}},"12":{"start":{"line":34,"column":25},"end":{"line":34,"column":null}},"13":{"start":{"line":35,"column":2},"end":{"line":35,"column":null}}},"fnMap":{"0":{"name":"normalizePhoneNumber","decl":{"start":{"line":8,"column":16},"end":{"line":8,"column":37}},"loc":{"start":{"line":8,"column":81},"end":{"line":18,"column":null}}},"1":{"name":"isValidPhoneNumber","decl":{"start":{"line":23,"column":16},"end":{"line":23,"column":35}},"loc":{"start":{"line":23,"column":48},"end":{"line":27,"column":null}}},"2":{"name":"maskPhoneNumber","decl":{"start":{"line":33,"column":16},"end":{"line":33,"column":32}},"loc":{"start":{"line":33,"column":45},"end":{"line":36,"column":null}}}},"branchMap":{"0":{"loc":{"start":{"line":8,"column":55},"end":{"line":8,"column":81}},"type":"default-arg","locations":[{"start":{"line":8,"column":76},"end":{"line":8,"column":81}}]},"1":{"loc":{"start":{"line":11,"column":2},"end":{"line":15,"column":null}},"type":"if","locations":[{"start":{"line":11,"column":2},"end":{"line":15,"column":null}},{"start":{"line":13,"column":9},"end":{"line":15,"column":null}}]},"2":{"loc":{"start":{"line":13,"column":9},"end":{"line":15,"column":null}},"type":"if","locations":[{"start":{"line":13,"column":9},"end":{"line":15,"column":null}}]},"3":{"loc":{"start":{"line":13,"column":13},"end":{"line":13,"column":78}},"type":"binary-expr","locations":[{"start":{"line":13,"column":13},"end":{"line":13,"column":56}},{"start":{"line":13,"column":56},"end":{"line":13,"column":78}}]},"4":{"loc":{"start":{"line":34,"column":2},"end":{"line":34,"column":null}},"type":"if","locations":[{"start":{"line":34,"column":2},"end":{"line":34,"column":null}}]}},"s":{"0":3,"1":1,"2":4,"3":7,"4":7,"5":3,"6":4,"7":0,"8":7,"9":3,"10":3,"11":1,"12":0,"13":1},"f":{"0":7,"1":3,"2":1},"b":{"0":[7],"1":[3,4],"2":[0],"3":[4,2],"4":[0]}}
,"C:\\xampp\\htdocs\\gen-z-lotto\\src\\lib\\auth\\rbac.ts": {"path":"C:\\xampp\\htdocs\\gen-z-lotto\\src\\lib\\auth\\rbac.ts","statementMap":{"0":{"start":{"line":25,"column":22},"end":{"line":25,"column":null}},"1":{"start":{"line":67,"column":22},"end":{"line":67,"column":34}},"2":{"start":{"line":1,"column":43},"end":{"line":1,"column":null}},"3":{"start":{"line":2,"column":23},"end":{"line":2,"column":null}},"4":{"start":{"line":3,"column":29},"end":{"line":3,"column":null}},"5":{"start":{"line":26,"column":18},"end":{"line":26,"column":null}},"6":{"start":{"line":28,"column":2},"end":{"line":37,"column":null}},"7":{"start":{"line":29,"column":4},"end":{"line":36,"column":null}},"8":{"start":{"line":39,"column":15},"end":{"line":42,"column":null}},"9":{"start":{"line":44,"column":2},"end":{"line":58,"column":null}},"10":{"start":{"line":50,"column":4},"end":{"line":57,"column":null}},"11":{"start":{"line":60,"column":2},"end":{"line":64,"column":null}},"12":{"start":{"line":68,"column":15},"end":{"line":68,"column":null}},"13":{"start":{"line":69,"column":2},"end":{"line":69,"column":null}},"14":{"start":{"line":69,"column":24},"end":{"line":69,"column":null}},"15":{"start":{"line":71,"column":18},"end":{"line":71,"column":null}},"16":{"start":{"line":73,"column":2},"end":{"line":83,"column":null}},"17":{"start":{"line":74,"column":22},"end":{"line":78,"column":null}},"18":{"start":{"line":80,"column":4},"end":{"line":82,"column":null}},"19":{"start":{"line":81,"column":6},"end":{"line":81,"column":null}},"20":{"start":{"line":85,"column":18},"end":{"line":85,"column":null}},"21":{"start":{"line":85,"column":46},"end":{"line":85,"column":null}},"22":{"start":{"line":87,"column":2},"end":{"line":96,"column":null}},"23":{"start":{"line":88,"column":4},"end":{"line":95,"column":null}},"24":{"start":{"line":98,"column":2},"end":{"line":98,"column":null}}},"fnMap":{"0":{"name":"requireAuth","decl":{"start":{"line":25,"column":22},"end":{"line":25,"column":null}},"loc":{"start":{"line":25,"column":22},"end":{"line":65,"column":null}}},"1":{"name":"requireRole","decl":{"start":{"line":67,"column":22},"end":{"line":67,"column":34}},"loc":{"start":{"line":67,"column":56},"end":{"line":99,"column":null}}},"2":{"name":"(anonymous_5)","decl":{"start":{"line":85,"column":36},"end":{"line":85,"column":37}},"loc":{"start":{"line":85,"column":46},"end":{"line":85,"column":null}}}},"branchMap":{"0":{"loc":{"start":{"line":28,"column":2},"end":{"line":37,"column":null}},"type":"if","locations":[{"start":{"line":28,"column":2},"end":{"line":37,"column":null}}]},"1":{"loc":{"start":{"line":28,"column":6},"end":{"line":28,"column":33}},"type":"binary-expr","locations":[{"start":{"line":28,"column":6},"end":{"line":28,"column":18}},{"start":{"line":28,"column":18},"end":{"line":28,"column":33}}]},"2":{"loc":{"start":{"line":44,"column":2},"end":{"line":58,"column":null}},"type":"if","locations":[{"start":{"line":44,"column":2},"end":{"line":58,"column":null}}]},"3":{"loc":{"start":{"line":45,"column":4},"end":{"line":48,"column":null}},"type":"binary-expr","locations":[{"start":{"line":45,"column":4},"end":{"line":45,"column":null}},{"start":{"line":46,"column":4},"end":{"line":46,"column":null}},{"start":{"line":47,"column":4},"end":{"line":47,"column":null}},{"start":{"line":48,"column":4},"end":{"line":48,"column":null}}]},"4":{"loc":{"start":{"line":69,"column":2},"end":{"line":69,"column":null}},"type":"if","locations":[{"start":{"line":69,"column":2},"end":{"line":69,"column":null}}]},"5":{"loc":{"start":{"line":71,"column":19},"end":{"line":71,"column":47}},"type":"binary-expr","locations":[{"start":{"line":71,"column":19},"end":{"line":71,"column":36}},{"start":{"line":71,"column":40},"end":{"line":71,"column":47}}]},"6":{"loc":{"start":{"line":73,"column":2},"end":{"line":83,"column":null}},"type":"if","locations":[{"start":{"line":73,"column":2},"end":{"line":83,"column":null}}]},"7":{"loc":{"start":{"line":80,"column":4},"end":{"line":82,"column":null}},"type":"if","locations":[{"start":{"line":80,"column":4},"end":{"line":82,"column":null}}]},"8":{"loc":{"start":{"line":87,"column":2},"end":{"line":96,"column":null}},"type":"if","locations":[{"start":{"line":87,"column":2},"end":{"line":96,"column":null}}]}},"s":{"0":3,"1":2,"2":3,"3":3,"4":3,"5":3,"6":3,"7":3,"8":0,"9":0,"10":0,"11":0,"12":1,"13":1,"14":1,"15":0,"16":0,"17":0,"18":0,"19":0,"20":0,"21":0,"22":0,"23":0,"24":0},"f":{"0":3,"1":1,"2":0},"b":{"0":[3],"1":[3,0],"2":[0],"3":[0,0,0,0],"4":[1],"5":[0,0],"6":[0],"7":[0],"8":[0]}}
,"C:\\xampp\\htdocs\\gen-z-lotto\\src\\lib\\auth\\session.ts": {"path":"C:\\xampp\\htdocs\\gen-z-lotto\\src\\lib\\auth\\session.ts","statementMap":{"0":{"start":{"line":70,"column":13},"end":{"line":70,"column":27}},"1":{"start":{"line":17,"column":22},"end":{"line":17,"column":null}},"2":{"start":{"line":64,"column":22},"end":{"line":64,"column":null}},"3":{"start":{"line":38,"column":22},"end":{"line":38,"column":null}},"4":{"start":{"line":1,"column":35},"end":{"line":1,"column":null}},"5":{"start":{"line":2,"column":33},"end":{"line":2,"column":null}},"6":{"start":{"line":4,"column":19},"end":{"line":5,"column":null}},"7":{"start":{"line":7,"column":20},"end":{"line":7,"column":null}},"8":{"start":{"line":20,"column":16},"end":{"line":24,"column":null}},"9":{"start":{"line":26,"column":22},"end":{"line":26,"column":null}},"10":{"start":{"line":27,"column":2},"end":{"line":33,"column":null}},"11":{"start":{"line":35,"column":2},"end":{"line":35,"column":null}},"12":{"start":{"line":42,"column":22},"end":{"line":42,"column":null}},"13":{"start":{"line":43,"column":2},"end":{"line":43,"column":null}},"14":{"start":{"line":46,"column":2},"end":{"line":52,"column":null}},"15":{"start":{"line":47,"column":23},"end":{"line":47,"column":null}},"16":{"start":{"line":48,"column":23},"end":{"line":48,"column":null}},"17":{"start":{"line":49,"column":4},"end":{"line":51,"column":null}},"18":{"start":{"line":50,"column":6},"end":{"line":50,"column":null}},"19":{"start":{"line":54,"column":2},"end":{"line":54,"column":null}},"20":{"start":{"line":54,"column":14},"end":{"line":54,"column":null}},"21":{"start":{"line":56,"column":2},"end":{"line":61,"column":null}},"22":{"start":{"line":57,"column":24},"end":{"line":57,"column":null}},"23":{"start":{"line":58,"column":4},"end":{"line":58,"column":null}},"24":{"start":{"line":60,"column":4},"end":{"line":60,"column":null}},"25":{"start":{"line":65,"column":22},"end":{"line":65,"column":null}},"26":{"start":{"line":66,"column":2},"end":{"line":66,"column":null}},"27":{"start":{"line":70,"column":27},"end":{"line":70,"column":null}}},"fnMap":{"0":{"name":"createSessionCookie","decl":{"start":{"line":17,"column":22},"end":{"line":17,"column":null}},"loc":{"start":{"line":18,"column":38},"end":{"line":36,"column":null}}},"1":{"name":"getSession","decl":{"start":{"line":38,"column":22},"end":{"line":38,"column":null}},"loc":{"start":{"line":38,"column":22},"end":{"line":62,"column":null}}},"2":{"name":"destroySession","decl":{"start":{"line":64,"column":22},"end":{"line":64,"column":null}},"loc":{"start":{"line":64,"column":22},"end":{"line":67,"column":null}}}},"branchMap":{"0":{"loc":{"start":{"line":5,"column":2},"end":{"line":5,"column":null}},"type":"binary-expr","locations":[{"start":{"line":5,"column":2},"end":{"line":5,"column":25}},{"start":{"line":5,"column":29},"end":{"line":5,"column":null}}]},"1":{"loc":{"start":{"line":46,"column":2},"end":{"line":52,"column":null}},"type":"if","locations":[{"start":{"line":46,"column":2},"end":{"line":52,"column":null}}]},"2":{"loc":{"start":{"line":49,"column":4},"end":{"line":51,"column":null}},"type":"if","locations":[{"start":{"line":49,"column":4},"end":{"line":51,"column":null}}]},"3":{"loc":{"start":{"line":49,"column":8},"end":{"line":49,"column":56}},"type":"binary-expr","locations":[{"start":{"line":49,"column":8},"end":{"line":49,"column":22}},{"start":{"line":49,"column":22},"end":{"line":49,"column":56}}]},"4":{"loc":{"start":{"line":54,"column":2},"end":{"line":54,"column":null}},"type":"if","locations":[{"start":{"line":54,"column":2},"end":{"line":54,"column":null}}]}},"s":{"0":0,"1":0,"2":0,"3":7,"4":3,"5":3,"6":3,"7":3,"8":0,"9":0,"10":0,"11":0,"12":7,"13":7,"14":7,"15":5,"16":5,"17":5,"18":0,"19":7,"20":5,"21":2,"22":2,"23":0,"24":2,"25":0,"26":0,"27":3},"f":{"0":0,"1":7,"2":0},"b":{"0":[3,0],"1":[5],"2":[0],"3":[5,0],"4":[5]}}
,"C:\\xampp\\htdocs\\gen-z-lotto\\src\\lib\\db\\prisma.ts": {"path":"C:\\xampp\\htdocs\\gen-z-lotto\\src\\lib\\db\\prisma.ts","statementMap":{"0":{"start":{"line":6,"column":13},"end":{"line":6,"column":null}},"1":{"start":{"line":2,"column":29},"end":{"line":2,"column":null}},"2":{"start":{"line":4,"column":24},"end":{"line":4,"column":null}},"3":{"start":{"line":7,"column":2},"end":{"line":14,"column":null}},"4":{"start":{"line":16,"column":0},"end":{"line":16,"column":null}},"5":{"start":{"line":16,"column":43},"end":{"line":16,"column":null}}},"fnMap":{},"branchMap":{"0":{"loc":{"start":{"line":7,"column":2},"end":{"line":14,"column":null}},"type":"binary-expr","locations":[{"start":{"line":7,"column":2},"end":{"line":7,"column":24}},{"start":{"line":8,"column":2},"end":{"line":14,"column":null}}]},"1":{"loc":{"start":{"line":16,"column":0},"end":{"line":16,"column":null}},"type":"if","locations":[{"start":{"line":16,"column":0},"end":{"line":16,"column":null}}]}},"s":{"0":2,"1":2,"2":2,"3":2,"4":2,"5":2},"f":{},"b":{"0":[2,2],"1":[2]}}
,"C:\\xampp\\htdocs\\gen-z-lotto\\src\\lib\\lottery\\phase4-lottery-engine.ts": {"path":"C:\\xampp\\htdocs\\gen-z-lotto\\src\\lib\\lottery\\phase4-lottery-engine.ts","statementMap":{"0":{"start":{"line":448,"column":13},"end":{"line":448,"column":37}},"1":{"start":{"line":384,"column":13},"end":{"line":384,"column":36}},"2":{"start":{"line":572,"column":13},"end":{"line":572,"column":null}},"3":{"start":{"line":104,"column":13},"end":{"line":104,"column":null}},"4":{"start":{"line":214,"column":13},"end":{"line":214,"column":36}},"5":{"start":{"line":34,"column":12},"end":{"line":34,"column":null}},"6":{"start":{"line":55,"column":12},"end":{"line":55,"column":null}},"7":{"start":{"line":549,"column":13},"end":{"line":549,"column":null}},"8":{"start":{"line":7,"column":13},"end":{"line":7,"column":31}},"9":{"start":{"line":505,"column":13},"end":{"line":505,"column":35}},"10":{"start":{"line":266,"column":13},"end":{"line":266,"column":35}},"11":{"start":{"line":325,"column":13},"end":{"line":325,"column":35}},"12":{"start":{"line":600,"column":13},"end":{"line":600,"column":null}},"13":{"start":{"line":46,"column":12},"end":{"line":46,"column":null}},"14":{"start":{"line":588,"column":13},"end":{"line":588,"column":37}},"15":{"start":{"line":26,"column":16},"end":{"line":26,"column":33}},"16":{"start":{"line":30,"column":16},"end":{"line":30,"column":34}},"17":{"start":{"line":18,"column":16},"end":{"line":18,"column":29}},"18":{"start":{"line":22,"column":16},"end":{"line":22,"column":29}},"19":{"start":{"line":1,"column":18},"end":{"line":1,"column":null}},"20":{"start":{"line":7,"column":31},"end":{"line":14,"column":null}},"21":{"start":{"line":19,"column":2},"end":{"line":19,"column":null}},"22":{"start":{"line":23,"column":2},"end":{"line":23,"column":null}},"23":{"start":{"line":27,"column":2},"end":{"line":27,"column":null}},"24":{"start":{"line":31,"column":2},"end":{"line":31,"column":null}},"25":{"start":{"line":106,"column":4},"end":{"line":106,"column":null}},"26":{"start":{"line":106,"column":24},"end":{"line":106,"column":null}},"27":{"start":{"line":107,"column":4},"end":{"line":107,"column":null}},"28":{"start":{"line":107,"column":28},"end":{"line":107,"column":null}},"29":{"start":{"line":108,"column":4},"end":{"line":108,"column":null}},"30":{"start":{"line":108,"column":19},"end":{"line":108,"column":null}},"31":{"start":{"line":110,"column":14},"end":{"line":110,"column":null}},"32":{"start":{"line":111,"column":4},"end":{"line":113,"column":null}},"33":{"start":{"line":111,"column":17},"end":{"line":111,"column":20}},"34":{"start":{"line":112,"column":6},"end":{"line":112,"column":null}},"35":{"start":{"line":114,"column":4},"end":{"line":114,"column":null}},"36":{"start":{"line":118,"column":4},"end":{"line":118,"column":null}},"37":{"start":{"line":118,"column":17},"end":{"line":118,"column":null}},"38":{"start":{"line":119,"column":4},"end":{"line":119,"column":null}},"39":{"start":{"line":119,"column":44},"end":{"line":119,"column":null}},"40":{"start":{"line":121,"column":17},"end":{"line":121,"column":23}},"41":{"start":{"line":122,"column":17},"end":{"line":122,"column":null}},"42":{"start":{"line":124,"column":21},"end":{"line":124,"column":null}},"43":{"start":{"line":124,"column":81},"end":{"line":124,"column":null}},"44":{"start":{"line":125,"column":24},"end":{"line":125,"column":null}},"45":{"start":{"line":127,"column":4},"end":{"line":127,"column":null}},"46":{"start":{"line":131,"column":29},"end":{"line":131,"column":31}},"47":{"start":{"line":132,"column":4},"end":{"line":138,"column":null}},"48":{"start":{"line":133,"column":6},"end":{"line":137,"column":null}},"49":{"start":{"line":134,"column":8},"end":{"line":136,"column":null}},"50":{"start":{"line":135,"column":10},"end":{"line":135,"column":null}},"51":{"start":{"line":139,"column":4},"end":{"line":139,"column":null}},"52":{"start":{"line":160,"column":29},"end":{"line":160,"column":31}},"53":{"start":{"line":161,"column":4},"end":{"line":169,"column":null}},"54":{"start":{"line":162,"column":6},"end":{"line":168,"column":null}},"55":{"start":{"line":163,"column":8},"end":{"line":163,"column":null}},"56":{"start":{"line":164,"column":13},"end":{"line":168,"column":null}},"57":{"start":{"line":165,"column":8},"end":{"line":166,"column":null}},"58":{"start":{"line":170,"column":4},"end":{"line":170,"column":null}},"59":{"start":{"line":174,"column":4},"end":{"line":174,"column":null}},"60":{"start":{"line":182,"column":29},"end":{"line":182,"column":31}},"61":{"start":{"line":183,"column":23},"end":{"line":183,"column":null}},"62":{"start":{"line":185,"column":4},"end":{"line":189,"column":null}},"63":{"start":{"line":186,"column":6},"end":{"line":187,"column":null}},"64":{"start":{"line":190,"column":4},"end":{"line":194,"column":null}},"65":{"start":{"line":191,"column":6},"end":{"line":192,"column":null}},"66":{"start":{"line":195,"column":4},"end":{"line":202,"column":null}},"67":{"start":{"line":199,"column":6},"end":{"line":200,"column":null}},"68":{"start":{"line":204,"column":4},"end":{"line":204,"column":null}},"69":{"start":{"line":222,"column":29},"end":{"line":222,"column":31}},"70":{"start":{"line":223,"column":20},"end":{"line":223,"column":null}},"71":{"start":{"line":223,"column":69},"end":{"line":223,"column":null}},"72":{"start":{"line":225,"column":4},"end":{"line":225,"column":null}},"73":{"start":{"line":227,"column":4},"end":{"line":229,"column":null}},"74":{"start":{"line":228,"column":6},"end":{"line":228,"column":null}},"75":{"start":{"line":231,"column":4},"end":{"line":235,"column":null}},"76":{"start":{"line":232,"column":6},"end":{"line":233,"column":null}},"77":{"start":{"line":236,"column":4},"end":{"line":240,"column":null}},"78":{"start":{"line":237,"column":6},"end":{"line":238,"column":null}},"79":{"start":{"line":242,"column":23},"end":{"line":242,"column":null}},"80":{"start":{"line":243,"column":18},"end":{"line":243,"column":null}},"81":{"start":{"line":245,"column":21},"end":{"line":245,"column":null}},"82":{"start":{"line":246,"column":4},"end":{"line":246,"column":null}},"83":{"start":{"line":248,"column":42},"end":{"line":248,"column":null}},"84":{"start":{"line":249,"column":4},"end":{"line":251,"column":null}},"85":{"start":{"line":250,"column":6},"end":{"line":250,"column":null}},"86":{"start":{"line":253,"column":4},"end":{"line":262,"column":null}},"87":{"start":{"line":214,"column":7},"end":{"line":215,"column":null}},"88":{"start":{"line":274,"column":29},"end":{"line":274,"column":31}},"89":{"start":{"line":275,"column":20},"end":{"line":275,"column":null}},"90":{"start":{"line":275,"column":69},"end":{"line":275,"column":null}},"91":{"start":{"line":277,"column":4},"end":{"line":281,"column":null}},"92":{"start":{"line":278,"column":6},"end":{"line":279,"column":null}},"93":{"start":{"line":283,"column":4},"end":{"line":283,"column":null}},"94":{"start":{"line":285,"column":4},"end":{"line":287,"column":null}},"95":{"start":{"line":286,"column":6},"end":{"line":286,"column":null}},"96":{"start":{"line":289,"column":4},"end":{"line":291,"column":null}},"97":{"start":{"line":290,"column":6},"end":{"line":290,"column":null}},"98":{"start":{"line":293,"column":23},"end":{"line":293,"column":null}},"99":{"start":{"line":295,"column":4},"end":{"line":299,"column":null}},"100":{"start":{"line":296,"column":6},"end":{"line":297,"column":null}},"101":{"start":{"line":301,"column":18},"end":{"line":301,"column":null}},"102":{"start":{"line":302,"column":21},"end":{"line":302,"column":null}},"103":{"start":{"line":303,"column":4},"end":{"line":303,"column":null}},"104":{"start":{"line":305,"column":42},"end":{"line":305,"column":null}},"105":{"start":{"line":306,"column":4},"end":{"line":310,"column":null}},"106":{"start":{"line":307,"column":6},"end":{"line":308,"column":null}},"107":{"start":{"line":312,"column":4},"end":{"line":321,"column":null}},"108":{"start":{"line":266,"column":7},"end":{"line":267,"column":null}},"109":{"start":{"line":333,"column":29},"end":{"line":333,"column":31}},"110":{"start":{"line":334,"column":20},"end":{"line":334,"column":null}},"111":{"start":{"line":334,"column":69},"end":{"line":334,"column":null}},"112":{"start":{"line":336,"column":4},"end":{"line":340,"column":null}},"113":{"start":{"line":337,"column":6},"end":{"line":338,"column":null}},"114":{"start":{"line":342,"column":4},"end":{"line":342,"column":null}},"115":{"start":{"line":344,"column":4},"end":{"line":346,"column":null}},"116":{"start":{"line":345,"column":6},"end":{"line":345,"column":null}},"117":{"start":{"line":348,"column":4},"end":{"line":350,"column":null}},"118":{"start":{"line":349,"column":6},"end":{"line":349,"column":null}},"119":{"start":{"line":352,"column":23},"end":{"line":352,"column":null}},"120":{"start":{"line":354,"column":4},"end":{"line":358,"column":null}},"121":{"start":{"line":355,"column":6},"end":{"line":356,"column":null}},"122":{"start":{"line":360,"column":18},"end":{"line":360,"column":null}},"123":{"start":{"line":361,"column":21},"end":{"line":361,"column":null}},"124":{"start":{"line":362,"column":4},"end":{"line":362,"column":null}},"125":{"start":{"line":364,"column":42},"end":{"line":364,"column":null}},"126":{"start":{"line":365,"column":4},"end":{"line":369,"column":null}},"127":{"start":{"line":366,"column":6},"end":{"line":367,"column":null}},"128":{"start":{"line":371,"column":4},"end":{"line":380,"column":null}},"129":{"start":{"line":325,"column":7},"end":{"line":326,"column":null}},"130":{"start":{"line":392,"column":29},"end":{"line":392,"column":31}},"131":{"start":{"line":393,"column":20},"end":{"line":393,"column":null}},"132":{"start":{"line":393,"column":69},"end":{"line":393,"column":null}},"133":{"start":{"line":394,"column":20},"end":{"line":394,"column":null}},"134":{"start":{"line":394,"column":71},"end":{"line":394,"column":null}},"135":{"start":{"line":396,"column":4},"end":{"line":396,"column":null}},"136":{"start":{"line":397,"column":4},"end":{"line":397,"column":null}},"137":{"start":{"line":399,"column":4},"end":{"line":401,"column":null}},"138":{"start":{"line":400,"column":6},"end":{"line":400,"column":null}},"139":{"start":{"line":402,"column":4},"end":{"line":404,"column":null}},"140":{"start":{"line":403,"column":6},"end":{"line":403,"column":null}},"141":{"start":{"line":406,"column":20},"end":{"line":406,"column":null}},"142":{"start":{"line":406,"column":42},"end":{"line":406,"column":null}},"143":{"start":{"line":407,"column":4},"end":{"line":411,"column":null}},"144":{"start":{"line":408,"column":6},"end":{"line":409,"column":null}},"145":{"start":{"line":413,"column":30},"end":{"line":413,"column":32}},"146":{"start":{"line":414,"column":4},"end":{"line":418,"column":null}},"147":{"start":{"line":415,"column":6},"end":{"line":417,"column":null}},"148":{"start":{"line":416,"column":8},"end":{"line":416,"column":null}},"149":{"start":{"line":416,"column":52},"end":{"line":416,"column":null}},"150":{"start":{"line":420,"column":23},"end":{"line":420,"column":35}},"151":{"start":{"line":421,"column":4},"end":{"line":423,"column":null}},"152":{"start":{"line":422,"column":6},"end":{"line":422,"column":null}},"153":{"start":{"line":425,"column":21},"end":{"line":425,"column":null}},"154":{"start":{"line":426,"column":4},"end":{"line":426,"column":null}},"155":{"start":{"line":428,"column":42},"end":{"line":428,"column":null}},"156":{"start":{"line":429,"column":4},"end":{"line":433,"column":null}},"157":{"start":{"line":430,"column":6},"end":{"line":431,"column":null}},"158":{"start":{"line":435,"column":4},"end":{"line":444,"column":null}},"159":{"start":{"line":384,"column":7},"end":{"line":385,"column":null}},"160":{"start":{"line":456,"column":29},"end":{"line":456,"column":31}},"161":{"start":{"line":457,"column":19},"end":{"line":457,"column":null}},"162":{"start":{"line":457,"column":68},"end":{"line":457,"column":null}},"163":{"start":{"line":458,"column":19},"end":{"line":458,"column":null}},"164":{"start":{"line":458,"column":70},"end":{"line":458,"column":null}},"165":{"start":{"line":460,"column":4},"end":{"line":460,"column":null}},"166":{"start":{"line":461,"column":4},"end":{"line":461,"column":null}},"167":{"start":{"line":463,"column":4},"end":{"line":465,"column":null}},"168":{"start":{"line":464,"column":6},"end":{"line":464,"column":null}},"169":{"start":{"line":467,"column":20},"end":{"line":467,"column":null}},"170":{"start":{"line":467,"column":41},"end":{"line":467,"column":null}},"171":{"start":{"line":468,"column":4},"end":{"line":472,"column":null}},"172":{"start":{"line":469,"column":6},"end":{"line":470,"column":null}},"173":{"start":{"line":474,"column":21},"end":{"line":474,"column":null}},"174":{"start":{"line":475,"column":18},"end":{"line":475,"column":null}},"175":{"start":{"line":475,"column":43},"end":{"line":475,"column":null}},"176":{"start":{"line":475,"column":65},"end":{"line":475,"column":null}},"177":{"start":{"line":477,"column":23},"end":{"line":477,"column":35}},"178":{"start":{"line":478,"column":4},"end":{"line":480,"column":null}},"179":{"start":{"line":479,"column":6},"end":{"line":479,"column":null}},"180":{"start":{"line":482,"column":21},"end":{"line":482,"column":null}},"181":{"start":{"line":483,"column":4},"end":{"line":483,"column":null}},"182":{"start":{"line":485,"column":42},"end":{"line":485,"column":null}},"183":{"start":{"line":486,"column":4},"end":{"line":490,"column":null}},"184":{"start":{"line":487,"column":6},"end":{"line":488,"column":null}},"185":{"start":{"line":492,"column":4},"end":{"line":501,"column":null}},"186":{"start":{"line":448,"column":7},"end":{"line":449,"column":null}},"187":{"start":{"line":513,"column":29},"end":{"line":513,"column":31}},"188":{"start":{"line":514,"column":20},"end":{"line":514,"column":null}},"189":{"start":{"line":514,"column":69},"end":{"line":514,"column":null}},"190":{"start":{"line":516,"column":4},"end":{"line":516,"column":null}},"191":{"start":{"line":518,"column":4},"end":{"line":520,"column":null}},"192":{"start":{"line":519,"column":6},"end":{"line":519,"column":null}},"193":{"start":{"line":522,"column":23},"end":{"line":522,"column":null}},"194":{"start":{"line":523,"column":18},"end":{"line":523,"column":null}},"195":{"start":{"line":524,"column":21},"end":{"line":524,"column":null}},"196":{"start":{"line":525,"column":4},"end":{"line":525,"column":null}},"197":{"start":{"line":527,"column":42},"end":{"line":527,"column":null}},"198":{"start":{"line":528,"column":4},"end":{"line":530,"column":null}},"199":{"start":{"line":529,"column":6},"end":{"line":529,"column":null}},"200":{"start":{"line":532,"column":4},"end":{"line":541,"column":null}},"201":{"start":{"line":505,"column":7},"end":{"line":506,"column":null}},"202":{"start":{"line":550,"column":17},"end":{"line":550,"column":null}},"203":{"start":{"line":553,"column":4},"end":{"line":553,"column":null}},"204":{"start":{"line":557,"column":21},"end":{"line":557,"column":null}},"205":{"start":{"line":558,"column":4},"end":{"line":560,"column":null}},"206":{"start":{"line":559,"column":6},"end":{"line":559,"column":null}},"207":{"start":{"line":561,"column":4},"end":{"line":561,"column":null}},"208":{"start":{"line":565,"column":0},"end":{"line":565,"column":null}},"209":{"start":{"line":566,"column":0},"end":{"line":566,"column":null}},"210":{"start":{"line":567,"column":0},"end":{"line":567,"column":null}},"211":{"start":{"line":568,"column":0},"end":{"line":568,"column":null}},"212":{"start":{"line":569,"column":0},"end":{"line":569,"column":null}},"213":{"start":{"line":570,"column":0},"end":{"line":570,"column":null}},"214":{"start":{"line":574,"column":18},"end":{"line":574,"column":null}},"215":{"start":{"line":575,"column":17},"end":{"line":575,"column":null}},"216":{"start":{"line":576,"column":4},"end":{"line":579,"column":null}},"217":{"start":{"line":576,"column":17},"end":{"line":576,"column":20}},"218":{"start":{"line":577,"column":18},"end":{"line":577,"column":null}},"219":{"start":{"line":578,"column":6},"end":{"line":578,"column":null}},"220":{"start":{"line":580,"column":4},"end":{"line":580,"column":null}},"221":{"start":{"line":588,"column":37},"end":{"line":596,"column":null}},"222":{"start":{"line":608,"column":29},"end":{"line":608,"column":31}},"223":{"start":{"line":609,"column":19},"end":{"line":609,"column":null}},"224":{"start":{"line":611,"column":4},"end":{"line":613,"column":null}},"225":{"start":{"line":612,"column":6},"end":{"line":612,"column":null}},"226":{"start":{"line":615,"column":4},"end":{"line":617,"column":null}},"227":{"start":{"line":616,"column":6},"end":{"line":616,"column":null}},"228":{"start":{"line":619,"column":21},"end":{"line":619,"column":null}},"229":{"start":{"line":620,"column":19},"end":{"line":620,"column":null}},"230":{"start":{"line":622,"column":4},"end":{"line":628,"column":null}},"231":{"start":{"line":623,"column":6},"end":{"line":627,"column":null}},"232":{"start":{"line":630,"column":4},"end":{"line":630,"column":null}}},"fnMap":{"0":{"name":"ghsToPesewas","decl":{"start":{"line":18,"column":16},"end":{"line":18,"column":29}},"loc":{"start":{"line":18,"column":40},"end":{"line":20,"column":null}}},"1":{"name":"pesewasToGhs","decl":{"start":{"line":22,"column":16},"end":{"line":22,"column":29}},"loc":{"start":{"line":22,"column":45},"end":{"line":24,"column":null}}},"2":{"name":"formatGhsDisplay","decl":{"start":{"line":26,"column":16},"end":{"line":26,"column":33}},"loc":{"start":{"line":26,"column":49},"end":{"line":28,"column":null}}},"3":{"name":"formatLottoNumber","decl":{"start":{"line":30,"column":16},"end":{"line":30,"column":34}},"loc":{"start":{"line":30,"column":45},"end":{"line":32,"column":null}}},"4":{"name":"(anonymous_27)","decl":{"start":{"line":105,"column":2},"end":{"line":105,"column":9}},"loc":{"start":{"line":105,"column":43},"end":{"line":115,"column":null}}},"5":{"name":"(anonymous_28)","decl":{"start":{"line":117,"column":2},"end":{"line":117,"column":9}},"loc":{"start":{"line":117,"column":56},"end":{"line":128,"column":null}}},"6":{"name":"(anonymous_29)","decl":{"start":{"line":124,"column":74},"end":{"line":124,"column":75}},"loc":{"start":{"line":124,"column":81},"end":{"line":124,"column":null}}},"7":{"name":"(anonymous_30)","decl":{"start":{"line":130,"column":2},"end":{"line":130,"column":9}},"loc":{"start":{"line":130,"column":61},"end":{"line":140,"column":null}}},"8":{"name":"(anonymous_31)","decl":{"start":{"line":159,"column":12},"end":{"line":159,"column":32}},"loc":{"start":{"line":159,"column":58},"end":{"line":171,"column":null}}},"9":{"name":"(anonymous_32)","decl":{"start":{"line":173,"column":12},"end":{"line":173,"column":28}},"loc":{"start":{"line":173,"column":53},"end":{"line":175,"column":null}}},"10":{"name":"(anonymous_33)","decl":{"start":{"line":177,"column":12},"end":{"line":177,"column":null}},"loc":{"start":{"line":181,"column":54},"end":{"line":205,"column":null}}},"11":{"name":"(anonymous_34)","decl":{"start":{"line":217,"column":2},"end":{"line":217,"column":null}},"loc":{"start":{"line":221,"column":22},"end":{"line":263,"column":null}}},"12":{"name":"(anonymous_35)","decl":{"start":{"line":223,"column":59},"end":{"line":223,"column":60}},"loc":{"start":{"line":223,"column":69},"end":{"line":223,"column":null}}},"13":{"name":"(anonymous_37)","decl":{"start":{"line":269,"column":2},"end":{"line":269,"column":null}},"loc":{"start":{"line":273,"column":22},"end":{"line":322,"column":null}}},"14":{"name":"(anonymous_38)","decl":{"start":{"line":275,"column":59},"end":{"line":275,"column":60}},"loc":{"start":{"line":275,"column":69},"end":{"line":275,"column":null}}},"15":{"name":"(anonymous_40)","decl":{"start":{"line":328,"column":2},"end":{"line":328,"column":null}},"loc":{"start":{"line":332,"column":22},"end":{"line":381,"column":null}}},"16":{"name":"(anonymous_41)","decl":{"start":{"line":334,"column":59},"end":{"line":334,"column":60}},"loc":{"start":{"line":334,"column":69},"end":{"line":334,"column":null}}},"17":{"name":"(anonymous_43)","decl":{"start":{"line":387,"column":2},"end":{"line":387,"column":null}},"loc":{"start":{"line":391,"column":22},"end":{"line":445,"column":null}}},"18":{"name":"(anonymous_44)","decl":{"start":{"line":393,"column":59},"end":{"line":393,"column":60}},"loc":{"start":{"line":393,"column":69},"end":{"line":393,"column":null}}},"19":{"name":"(anonymous_45)","decl":{"start":{"line":394,"column":61},"end":{"line":394,"column":62}},"loc":{"start":{"line":394,"column":71},"end":{"line":394,"column":null}}},"20":{"name":"(anonymous_46)","decl":{"start":{"line":406,"column":35},"end":{"line":406,"column":36}},"loc":{"start":{"line":406,"column":42},"end":{"line":406,"column":null}}},"21":{"name":"(anonymous_47)","decl":{"start":{"line":416,"column":42},"end":{"line":416,"column":43}},"loc":{"start":{"line":416,"column":52},"end":{"line":416,"column":null}}},"22":{"name":"(anonymous_49)","decl":{"start":{"line":451,"column":2},"end":{"line":451,"column":null}},"loc":{"start":{"line":455,"column":22},"end":{"line":502,"column":null}}},"23":{"name":"(anonymous_50)","decl":{"start":{"line":457,"column":58},"end":{"line":457,"column":59}},"loc":{"start":{"line":457,"column":68},"end":{"line":457,"column":null}}},"24":{"name":"(anonymous_51)","decl":{"start":{"line":458,"column":60},"end":{"line":458,"column":61}},"loc":{"start":{"line":458,"column":70},"end":{"line":458,"column":null}}},"25":{"name":"(anonymous_52)","decl":{"start":{"line":467,"column":34},"end":{"line":467,"column":35}},"loc":{"start":{"line":467,"column":41},"end":{"line":467,"column":null}}},"26":{"name":"(anonymous_53)","decl":{"start":{"line":475,"column":31},"end":{"line":475,"column":32}},"loc":{"start":{"line":475,"column":43},"end":{"line":475,"column":null}}},"27":{"name":"(anonymous_54)","decl":{"start":{"line":475,"column":55},"end":{"line":475,"column":56}},"loc":{"start":{"line":475,"column":65},"end":{"line":475,"column":null}}},"28":{"name":"(anonymous_56)","decl":{"start":{"line":508,"column":2},"end":{"line":508,"column":null}},"loc":{"start":{"line":512,"column":22},"end":{"line":542,"column":null}}},"29":{"name":"(anonymous_57)","decl":{"start":{"line":514,"column":59},"end":{"line":514,"column":60}},"loc":{"start":{"line":514,"column":69},"end":{"line":514,"column":null}}},"30":{"name":"(anonymous_59)","decl":{"start":{"line":552,"column":2},"end":{"line":552,"column":9}},"loc":{"start":{"line":552,"column":53},"end":{"line":554,"column":null}}},"31":{"name":"(anonymous_60)","decl":{"start":{"line":556,"column":2},"end":{"line":556,"column":9}},"loc":{"start":{"line":556,"column":52},"end":{"line":562,"column":null}}},"32":{"name":"(anonymous_61)","decl":{"start":{"line":573,"column":2},"end":{"line":573,"column":9}},"loc":{"start":{"line":573,"column":28},"end":{"line":581,"column":null}}},"33":{"name":"(anonymous_62)","decl":{"start":{"line":601,"column":2},"end":{"line":601,"column":9}},"loc":{"start":{"line":607,"column":22},"end":{"line":631,"column":null}}}},"branchMap":{"0":{"loc":{"start":{"line":106,"column":4},"end":{"line":106,"column":null}},"type":"if","locations":[{"start":{"line":106,"column":4},"end":{"line":106,"column":null}}]},"1":{"loc":{"start":{"line":106,"column":8},"end":{"line":106,"column":24}},"type":"binary-expr","locations":[{"start":{"line":106,"column":8},"end":{"line":106,"column":17}},{"start":{"line":106,"column":17},"end":{"line":106,"column":24}}]},"2":{"loc":{"start":{"line":107,"column":4},"end":{"line":107,"column":null}},"type":"if","locations":[{"start":{"line":107,"column":4},"end":{"line":107,"column":null}}]},"3":{"loc":{"start":{"line":107,"column":8},"end":{"line":107,"column":28}},"type":"binary-expr","locations":[{"start":{"line":107,"column":8},"end":{"line":107,"column":19}},{"start":{"line":107,"column":19},"end":{"line":107,"column":28}}]},"4":{"loc":{"start":{"line":108,"column":4},"end":{"line":108,"column":null}},"type":"if","locations":[{"start":{"line":108,"column":4},"end":{"line":108,"column":null}}]},"5":{"loc":{"start":{"line":118,"column":4},"end":{"line":118,"column":null}},"type":"if","locations":[{"start":{"line":118,"column":4},"end":{"line":118,"column":null}}]},"6":{"loc":{"start":{"line":119,"column":4},"end":{"line":119,"column":null}},"type":"if","locations":[{"start":{"line":119,"column":4},"end":{"line":119,"column":null}}]},"7":{"loc":{"start":{"line":119,"column":8},"end":{"line":119,"column":42}},"type":"binary-expr","locations":[{"start":{"line":119,"column":8},"end":{"line":119,"column":28}},{"start":{"line":119,"column":28},"end":{"line":119,"column":42}}]},"8":{"loc":{"start":{"line":134,"column":8},"end":{"line":136,"column":null}},"type":"if","locations":[{"start":{"line":134,"column":8},"end":{"line":136,"column":null}}]},"9":{"loc":{"start":{"line":162,"column":6},"end":{"line":168,"column":null}},"type":"if","locations":[{"start":{"line":162,"column":6},"end":{"line":168,"column":null}},{"start":{"line":164,"column":13},"end":{"line":168,"column":null}}]},"10":{"loc":{"start":{"line":164,"column":13},"end":{"line":168,"column":null}},"type":"if","locations":[{"start":{"line":164,"column":13},"end":{"line":168,"column":null}}]},"11":{"loc":{"start":{"line":164,"column":17},"end":{"line":164,"column":81}},"type":"binary-expr","locations":[{"start":{"line":164,"column":17},"end":{"line":164,"column":47}},{"start":{"line":164,"column":51},"end":{"line":164,"column":81}}]},"12":{"loc":{"start":{"line":185,"column":4},"end":{"line":189,"column":null}},"type":"if","locations":[{"start":{"line":185,"column":4},"end":{"line":189,"column":null}}]},"13":{"loc":{"start":{"line":190,"column":4},"end":{"line":194,"column":null}},"type":"if","locations":[{"start":{"line":190,"column":4},"end":{"line":194,"column":null}}]},"14":{"loc":{"start":{"line":195,"column":4},"end":{"line":202,"column":null}},"type":"if","locations":[{"start":{"line":195,"column":4},"end":{"line":202,"column":null}}]},"15":{"loc":{"start":{"line":196,"column":6},"end":{"line":197,"column":null}},"type":"binary-expr","locations":[{"start":{"line":196,"column":6},"end":{"line":196,"column":null}},{"start":{"line":197,"column":6},"end":{"line":197,"column":null}}]},"16":{"loc":{"start":{"line":223,"column":21},"end":{"line":223,"column":51}},"type":"binary-expr","locations":[{"start":{"line":223,"column":21},"end":{"line":223,"column":46}},{"start":{"line":223,"column":50},"end":{"line":223,"column":51}}]},"17":{"loc":{"start":{"line":227,"column":4},"end":{"line":229,"column":null}},"type":"if","locations":[{"start":{"line":227,"column":4},"end":{"line":229,"column":null}}]},"18":{"loc":{"start":{"line":227,"column":8},"end":{"line":227,"column":66}},"type":"binary-expr","locations":[{"start":{"line":227,"column":8},"end":{"line":227,"column":31}},{"start":{"line":227,"column":35},"end":{"line":227,"column":66}}]},"19":{"loc":{"start":{"line":231,"column":4},"end":{"line":235,"column":null}},"type":"if","locations":[{"start":{"line":231,"column":4},"end":{"line":235,"column":null}}]},"20":{"loc":{"start":{"line":236,"column":4},"end":{"line":240,"column":null}},"type":"if","locations":[{"start":{"line":236,"column":4},"end":{"line":240,"column":null}}]},"21":{"loc":{"start":{"line":249,"column":4},"end":{"line":251,"column":null}},"type":"if","locations":[{"start":{"line":249,"column":4},"end":{"line":251,"column":null}}]},"22":{"loc":{"start":{"line":275,"column":21},"end":{"line":275,"column":51}},"type":"binary-expr","locations":[{"start":{"line":275,"column":21},"end":{"line":275,"column":46}},{"start":{"line":275,"column":50},"end":{"line":275,"column":51}}]},"23":{"loc":{"start":{"line":277,"column":4},"end":{"line":281,"column":null}},"type":"if","locations":[{"start":{"line":277,"column":4},"end":{"line":281,"column":null}}]},"24":{"loc":{"start":{"line":285,"column":4},"end":{"line":287,"column":null}},"type":"if","locations":[{"start":{"line":285,"column":4},"end":{"line":287,"column":null}}]},"25":{"loc":{"start":{"line":285,"column":8},"end":{"line":285,"column":66}},"type":"binary-expr","locations":[{"start":{"line":285,"column":8},"end":{"line":285,"column":31}},{"start":{"line":285,"column":35},"end":{"line":285,"column":66}}]},"26":{"loc":{"start":{"line":289,"column":4},"end":{"line":291,"column":null}},"type":"if","locations":[{"start":{"line":289,"column":4},"end":{"line":291,"column":null}}]},"27":{"loc":{"start":{"line":295,"column":4},"end":{"line":299,"column":null}},"type":"if","locations":[{"start":{"line":295,"column":4},"end":{"line":299,"column":null}}]},"28":{"loc":{"start":{"line":306,"column":4},"end":{"line":310,"column":null}},"type":"if","locations":[{"start":{"line":306,"column":4},"end":{"line":310,"column":null}}]},"29":{"loc":{"start":{"line":334,"column":21},"end":{"line":334,"column":51}},"type":"binary-expr","locations":[{"start":{"line":334,"column":21},"end":{"line":334,"column":46}},{"start":{"line":334,"column":50},"end":{"line":334,"column":51}}]},"30":{"loc":{"start":{"line":336,"column":4},"end":{"line":340,"column":null}},"type":"if","locations":[{"start":{"line":336,"column":4},"end":{"line":340,"column":null}}]},"31":{"loc":{"start":{"line":344,"column":4},"end":{"line":346,"column":null}},"type":"if","locations":[{"start":{"line":344,"column":4},"end":{"line":346,"column":null}}]},"32":{"loc":{"start":{"line":344,"column":8},"end":{"line":344,"column":66}},"type":"binary-expr","locations":[{"start":{"line":344,"column":8},"end":{"line":344,"column":31}},{"start":{"line":344,"column":35},"end":{"line":344,"column":66}}]},"33":{"loc":{"start":{"line":348,"column":4},"end":{"line":350,"column":null}},"type":"if","locations":[{"start":{"line":348,"column":4},"end":{"line":350,"column":null}}]},"34":{"loc":{"start":{"line":354,"column":4},"end":{"line":358,"column":null}},"type":"if","locations":[{"start":{"line":354,"column":4},"end":{"line":358,"column":null}}]},"35":{"loc":{"start":{"line":365,"column":4},"end":{"line":369,"column":null}},"type":"if","locations":[{"start":{"line":365,"column":4},"end":{"line":369,"column":null}}]},"36":{"loc":{"start":{"line":393,"column":21},"end":{"line":393,"column":51}},"type":"binary-expr","locations":[{"start":{"line":393,"column":21},"end":{"line":393,"column":46}},{"start":{"line":393,"column":50},"end":{"line":393,"column":51}}]},"37":{"loc":{"start":{"line":394,"column":21},"end":{"line":394,"column":53}},"type":"binary-expr","locations":[{"start":{"line":394,"column":21},"end":{"line":394,"column":48}},{"start":{"line":394,"column":52},"end":{"line":394,"column":53}}]},"38":{"loc":{"start":{"line":399,"column":4},"end":{"line":401,"column":null}},"type":"if","locations":[{"start":{"line":399,"column":4},"end":{"line":401,"column":null}}]},"39":{"loc":{"start":{"line":402,"column":4},"end":{"line":404,"column":null}},"type":"if","locations":[{"start":{"line":402,"column":4},"end":{"line":404,"column":null}}]},"40":{"loc":{"start":{"line":407,"column":4},"end":{"line":411,"column":null}},"type":"if","locations":[{"start":{"line":407,"column":4},"end":{"line":411,"column":null}}]},"41":{"loc":{"start":{"line":421,"column":4},"end":{"line":423,"column":null}},"type":"if","locations":[{"start":{"line":421,"column":4},"end":{"line":423,"column":null}}]},"42":{"loc":{"start":{"line":429,"column":4},"end":{"line":433,"column":null}},"type":"if","locations":[{"start":{"line":429,"column":4},"end":{"line":433,"column":null}}]},"43":{"loc":{"start":{"line":457,"column":20},"end":{"line":457,"column":50}},"type":"binary-expr","locations":[{"start":{"line":457,"column":20},"end":{"line":457,"column":45}},{"start":{"line":457,"column":49},"end":{"line":457,"column":50}}]},"44":{"loc":{"start":{"line":458,"column":20},"end":{"line":458,"column":52}},"type":"binary-expr","locations":[{"start":{"line":458,"column":20},"end":{"line":458,"column":47}},{"start":{"line":458,"column":51},"end":{"line":458,"column":52}}]},"45":{"loc":{"start":{"line":463,"column":4},"end":{"line":465,"column":null}},"type":"if","locations":[{"start":{"line":463,"column":4},"end":{"line":465,"column":null}}]},"46":{"loc":{"start":{"line":463,"column":8},"end":{"line":463,"column":52}},"type":"binary-expr","locations":[{"start":{"line":463,"column":8},"end":{"line":463,"column":31}},{"start":{"line":463,"column":31},"end":{"line":463,"column":52}}]},"47":{"loc":{"start":{"line":468,"column":4},"end":{"line":472,"column":null}},"type":"if","locations":[{"start":{"line":468,"column":4},"end":{"line":472,"column":null}}]},"48":{"loc":{"start":{"line":478,"column":4},"end":{"line":480,"column":null}},"type":"if","locations":[{"start":{"line":478,"column":4},"end":{"line":480,"column":null}}]},"49":{"loc":{"start":{"line":486,"column":4},"end":{"line":490,"column":null}},"type":"if","locations":[{"start":{"line":486,"column":4},"end":{"line":490,"column":null}}]},"50":{"loc":{"start":{"line":514,"column":21},"end":{"line":514,"column":51}},"type":"binary-expr","locations":[{"start":{"line":514,"column":21},"end":{"line":514,"column":46}},{"start":{"line":514,"column":50},"end":{"line":514,"column":51}}]},"51":{"loc":{"start":{"line":518,"column":4},"end":{"line":520,"column":null}},"type":"if","locations":[{"start":{"line":518,"column":4},"end":{"line":520,"column":null}}]},"52":{"loc":{"start":{"line":528,"column":4},"end":{"line":530,"column":null}},"type":"if","locations":[{"start":{"line":528,"column":4},"end":{"line":530,"column":null}}]},"53":{"loc":{"start":{"line":558,"column":4},"end":{"line":560,"column":null}},"type":"if","locations":[{"start":{"line":558,"column":4},"end":{"line":560,"column":null}}]},"54":{"loc":{"start":{"line":611,"column":4},"end":{"line":613,"column":null}},"type":"if","locations":[{"start":{"line":611,"column":4},"end":{"line":613,"column":null}}]},"55":{"loc":{"start":{"line":615,"column":4},"end":{"line":617,"column":null}},"type":"if","locations":[{"start":{"line":615,"column":4},"end":{"line":617,"column":null}}]},"56":{"loc":{"start":{"line":622,"column":4},"end":{"line":628,"column":null}},"type":"if","locations":[{"start":{"line":622,"column":4},"end":{"line":628,"column":null}}]}},"s":{"0":1,"1":1,"2":1,"3":11,"4":1,"5":11,"6":12,"7":1,"8":0,"9":1,"10":1,"11":1,"12":3,"13":3,"14":0,"15":2,"16":3,"17":4,"18":2,"19":3,"20":3,"21":4,"22":2,"23":5,"24":4,"25":10,"26":3,"27":7,"28":2,"29":5,"30":3,"31":5,"32":5,"33":5,"34":7,"35":5,"36":694,"37":311,"38":383,"39":40,"40":343,"41":343,"42":343,"43":624,"44":343,"45":343,"46":3,"47":3,"48":4,"49":8,"50":7,"51":3,"52":20,"53":20,"54":68,"55":1,"56":67,"57":2,"58":20,"59":10,"60":16,"61":16,"62":16,"63":1,"64":16,"65":0,"66":16,"67":1,"68":16,"69":6,"70":6,"71":12,"72":6,"73":6,"74":1,"75":6,"76":1,"77":6,"78":0,"79":6,"80":6,"81":6,"82":6,"83":6,"84":6,"85":3,"86":6,"87":4,"88":2,"89":2,"90":26,"91":2,"92":1,"93":2,"94":2,"95":0,"96":2,"97":0,"98":2,"99":2,"100":0,"101":2,"102":2,"103":2,"104":2,"105":2,"106":2,"107":2,"108":4,"109":2,"110":2,"111":4,"112":2,"113":0,"114":2,"115":2,"116":0,"117":2,"118":1,"119":2,"120":2,"121":0,"122":2,"123":2,"124":2,"125":2,"126":2,"127":2,"128":2,"129":4,"130":2,"131":2,"132":1,"133":2,"134":3,"135":2,"136":2,"137":2,"138":0,"139":2,"140":0,"141":2,"142":3,"143":2,"144":1,"145":2,"146":2,"147":3,"148":7,"149":7,"150":2,"151":2,"152":0,"153":2,"154":2,"155":2,"156":2,"157":2,"158":2,"159":4,"160":2,"161":2,"162":1,"163":2,"164":1,"165":2,"166":2,"167":2,"168":1,"169":2,"170":2,"171":2,"172":0,"173":2,"174":2,"175":4,"176":4,"177":2,"178":2,"179":0,"180":2,"181":2,"182":2,"183":2,"184":2,"185":2,"186":4,"187":2,"188":2,"189":5,"190":2,"191":2,"192":1,"193":2,"194":2,"195":2,"196":2,"197":2,"198":2,"199":2,"200":2,"201":4,"202":3,"203":18,"204":4,"205":4,"206":1,"207":3,"208":3,"209":3,"210":3,"211":3,"212":3,"213":3,"214":1,"215":1,"216":1,"217":1,"218":8,"219":8,"220":1,"221":3,"222":3,"223":3,"224":3,"225":1,"226":3,"227":1,"228":3,"229":3,"230":3,"231":2,"232":1},"f":{"0":4,"1":2,"2":5,"3":4,"4":10,"5":694,"6":624,"7":3,"8":20,"9":10,"10":16,"11":6,"12":12,"13":2,"14":26,"15":2,"16":4,"17":2,"18":1,"19":3,"20":3,"21":7,"22":2,"23":1,"24":1,"25":2,"26":4,"27":4,"28":2,"29":5,"30":18,"31":4,"32":1,"33":3},"b":{"0":[3],"1":[10,9],"2":[2],"3":[7,6],"4":[3],"5":[311],"6":[40],"7":[383,351],"8":[7],"9":[1,67],"10":[2],"11":[67,66],"12":[1],"13":[0],"14":[1],"15":[16,16],"16":[6,0],"17":[1],"18":[6,6],"19":[1],"20":[0],"21":[3],"22":[2,0],"23":[1],"24":[0],"25":[2,2],"26":[0],"27":[0],"28":[2],"29":[2,0],"30":[0],"31":[0],"32":[2,2],"33":[1],"34":[0],"35":[2],"36":[2,0],"37":[2,0],"38":[0],"39":[0],"40":[1],"41":[0],"42":[2],"43":[2,0],"44":[2,0],"45":[1],"46":[2,1],"47":[0],"48":[0],"49":[2],"50":[2,0],"51":[1],"52":[2],"53":[1],"54":[1],"55":[1],"56":[2]}}
,"C:\\xampp\\htdocs\\gen-z-lotto\\src\\services\\admin-draw.service.ts": {"path":"C:\\xampp\\htdocs\\gen-z-lotto\\src\\services\\admin-draw.service.ts","statementMap":{"0":{"start":{"line":22,"column":13},"end":{"line":22,"column":null}},"1":{"start":{"line":1,"column":49},"end":{"line":1,"column":null}},"2":{"start":{"line":3,"column":15},"end":{"line":3,"column":null}},"3":{"start":{"line":5,"column":60},"end":{"line":13,"column":null}},"4":{"start":{"line":24,"column":17},"end":{"line":31,"column":null}},"5":{"start":{"line":33,"column":4},"end":{"line":42,"column":null}},"6":{"start":{"line":34,"column":6},"end":{"line":41,"column":null}},"7":{"start":{"line":44,"column":4},"end":{"line":44,"column":null}},"8":{"start":{"line":48,"column":17},"end":{"line":48,"column":null}},"9":{"start":{"line":49,"column":4},"end":{"line":49,"column":null}},"10":{"start":{"line":49,"column":15},"end":{"line":49,"column":null}},"11":{"start":{"line":51,"column":31},"end":{"line":51,"column":61}},"12":{"start":{"line":52,"column":4},"end":{"line":54,"column":null}},"13":{"start":{"line":53,"column":6},"end":{"line":53,"column":null}},"14":{"start":{"line":56,"column":47},"end":{"line":56,"column":null}},"15":{"start":{"line":58,"column":4},"end":{"line":60,"column":null}},"16":{"start":{"line":59,"column":6},"end":{"line":59,"column":null}},"17":{"start":{"line":62,"column":20},"end":{"line":65,"column":null}},"18":{"start":{"line":67,"column":4},"end":{"line":74,"column":null}},"19":{"start":{"line":76,"column":4},"end":{"line":76,"column":null}},"20":{"start":{"line":80,"column":17},"end":{"line":80,"column":null}},"21":{"start":{"line":81,"column":4},"end":{"line":81,"column":null}},"22":{"start":{"line":81,"column":15},"end":{"line":81,"column":null}},"23":{"start":{"line":83,"column":4},"end":{"line":85,"column":null}},"24":{"start":{"line":84,"column":6},"end":{"line":84,"column":null}},"25":{"start":{"line":87,"column":4},"end":{"line":89,"column":null}},"26":{"start":{"line":88,"column":6},"end":{"line":88,"column":null}},"27":{"start":{"line":91,"column":20},"end":{"line":102,"column":null}},"28":{"start":{"line":104,"column":4},"end":{"line":111,"column":null}},"29":{"start":{"line":113,"column":4},"end":{"line":113,"column":null}}},"fnMap":{"0":{"name":"(anonymous_1)","decl":{"start":{"line":23,"column":2},"end":{"line":23,"column":15}},"loc":{"start":{"line":23,"column":49},"end":{"line":45,"column":null}}},"1":{"name":"(anonymous_2)","decl":{"start":{"line":47,"column":2},"end":{"line":47,"column":15}},"loc":{"start":{"line":47,"column":93},"end":{"line":77,"column":null}}},"2":{"name":"(anonymous_3)","decl":{"start":{"line":79,"column":2},"end":{"line":79,"column":15}},"loc":{"start":{"line":79,"column":89},"end":{"line":114,"column":null}}}},"branchMap":{"0":{"loc":{"start":{"line":33,"column":4},"end":{"line":42,"column":null}},"type":"if","locations":[{"start":{"line":33,"column":4},"end":{"line":42,"column":null}}]},"1":{"loc":{"start":{"line":49,"column":4},"end":{"line":49,"column":null}},"type":"if","locations":[{"start":{"line":49,"column":4},"end":{"line":49,"column":null}}]},"2":{"loc":{"start":{"line":52,"column":4},"end":{"line":54,"column":null}},"type":"if","locations":[{"start":{"line":52,"column":4},"end":{"line":54,"column":null}}]},"3":{"loc":{"start":{"line":52,"column":8},"end":{"line":52,"column":73}},"type":"binary-expr","locations":[{"start":{"line":52,"column":8},"end":{"line":52,"column":31}},{"start":{"line":52,"column":31},"end":{"line":52,"column":73}}]},"4":{"loc":{"start":{"line":58,"column":4},"end":{"line":60,"column":null}},"type":"if","locations":[{"start":{"line":58,"column":4},"end":{"line":60,"column":null}}]},"5":{"loc":{"start":{"line":58,"column":8},"end":{"line":58,"column":58}},"type":"binary-expr","locations":[{"start":{"line":58,"column":8},"end":{"line":58,"column":40}},{"start":{"line":58,"column":44},"end":{"line":58,"column":58}}]},"6":{"loc":{"start":{"line":81,"column":4},"end":{"line":81,"column":null}},"type":"if","locations":[{"start"
[...]
,"C:\\xampp\\htdocs\\gen-z-lotto\\src\\services\\ticket.service.ts": {"path":"C:\\xampp\\htdocs\\gen-z-lotto\\src\\services\\ticket.service.ts","statementMap":{"0":{"start":{"line":12,"column":13},"end":{"line":12,"column":null}},"1":{"start":{"line":1,"column":23},"end":{"line":1,"column":null}},"2":{"start":{"line":2,"column":30},"end":{"line":2,"column":null}},"3":{"start":{"line":3,"column":19},"end":{"line":3,"column":null}},"4":{"start":{"line":14,"column":66},"end":{"line":14,"column":null}},"5":{"start":{"line":16,"column":24},"end":{"line":16,"column":83}},"6":{"start":{"line":17,"column":25},"end":{"line":17,"column":81}},"7":{"start":{"line":19,"column":4},"end":{"line":51,"column":null}},"8":{"start":{"line":20,"column":19},"end":{"line":20,"column":null}},"9":{"start":{"line":21,"column":6},"end":{"line":23,"column":null}},"10":{"start":{"line":22,"column":8},"end":{"line":22,"column":null}},"11":{"start":{"line":25,"column":6},"end":{"line":27,"column":null}},"12":{"start":{"line":26,"column":8},"end":{"line":26,"column":null}},"13":{"start":{"line":30,"column":25},"end":{"line":33,"column":null}},"14":{"start":{"line":35,"column":6},"end":{"line":37,"column":null}},"15":{"start":{"line":36,"column":8},"end":{"line":36,"column":null}},"16":{"start":{"line":40,"column":21},"end":{"line":48,"column":null}},"17":{"start":{"line":50,"column":6},"end":{"line":50,"column":null}}},"fnMap":{"0":{"name":"(anonymous_2)","decl":{"start":{"line":13,"column":2},"end":{"line":13,"column":15}},"loc":{"start":{"line":13,"column":56},"end":{"line":52,"column":null}}},"1":{"name":"(anonymous_3)","decl":{"start":{"line":19,"column":37},"end":{"line":19,"column":44}},"loc":{"start":{"line":19,"column":44},"end":{"line":51,"column":null}}}},"branchMap":{"0":{"loc":{"start":{"line":21,"column":6},"end":{"line":23,"column":null}},"type":"if","locations":[{"start":{"line":21,"column":6},"end":{"line":23,"column":null}}]},"1":{"loc":{"start":{"line":25,"column":6},"end":{"line":27,"column":null}},"type":"if","locations":[{"start":{"line":25,"column":6},"end":{"line":27,"column":null}}]},"2":{"loc":{"start":{"line":25,"column":10},"end":{"line":25,"column":65}},"type":"binary-expr","locations":[{"start":{"line":25,"column":10},"end":{"line":25,"column":36}},{"start":{"line":25,"column":36},"end":{"line":25,"column":65}}]},"3":{"loc":{"start":{"line":35,"column":6},"end":{"line":37,"column":null}},"type":"if","locations":[{"start":{"line":35,"column":6},"end":{"line":37,"column":null}}]}},"s":{"0":2,"1":1,"2":1,"3":1,"4":2,"5":2,"6":2,"7":2,"8":2,"9":2,"10":0,"11":2,"12":1,"13":1,"14":0,"15":0,"16":0,"17":0},"f":{"0":2,"1":2},"b":{"0":[0],"1":[1],"2":[2,2],"3":[0]}}
,"C:\\xampp\\htdocs\\gen-z-lotto\\src\\services\\wallet.service.ts": {"path":"C:\\xampp\\htdocs\\gen-z-lotto\\src\\services\\wallet.service.ts","statementMap":{"0":{"start":{"line":23,"column":13},"end":{"line":23,"column":null}},"1":{"start":{"line":11,"column":13},"end":{"line":11,"column":null}},"2":{"start":{"line":7,"column":7},"end":{"line":7,"column":null}},"3":{"start":{"line":9,"column":24},"end":{"line":9,"column":null}},"4":{"start":{"line":12,"column":2},"end":{"line":19,"column":null}},"5":{"start":{"line":21,"column":0},"end":{"line":21,"column":null}},"6":{"start":{"line":21,"column":43},"end":{"line":21,"column":null}},"7":{"start":{"line":35,"column":24},"end":{"line":35,"column":null}},"8":{"start":{"line":36,"column":20},"end":{"line":36,"column":null}},"9":{"start":{"line":38,"column":4},"end":{"line":113,"column":null}},"10":{"start":{"line":39,"column":21},"end":{"line":41,"column":null}},"11":{"start":{"line":43,"column":6},"end":{"line":45,"column":null}},"12":{"start":{"line":44,"column":8},"end":{"line":44,"column":null}},"13":{"start":{"line":47,"column":6},"end":{"line":49,"column":null}},"14":{"start":{"line":48,"column":8},"end":{"line":48,"column":null}},"15":{"start":{"line":51,"column":25},"end":{"line":53,"column":null}},"16":{"start":{"line":55,"column":6},"end":{"line":63,"column":null}},"17":{"start":{"line":56,"column":8},"end":{"line":62,"column":null}},"18":{"start":{"line":65,"column":26},"end":{"line":84,"column":null}},"19":{"start":{"line":86,"column":28},"end":{"line":93,"column":null}},"20":{"start":{"line":95,"column":6},"end":{"line":104,"column":null}},"21":{"start":{"line":106,"column":6},"end":{"line":112,"column":null}},"22":{"start":{"line":127,"column":24},"end":{"line":127,"column":null}},"23":{"start":{"line":128,"column":20},"end":{"line":128,"column":null}},"24":{"start":{"line":130,"column":4},"end":{"line":167,"column":null}},"25":{"start":{"line":131,"column":21},"end":{"line":131,"column":null}},"26":{"start":{"line":132,"column":6},"end":{"line":134,"column":null}},"27":{"start":{"line":133,"column":8},"end":{"line":133,"column":null}},"28":{"start":{"line":135,"column":6},"end":{"line":137,"column":null}},"29":{"start":{"line":136,"column":8},"end":{"line":136,"column":null}},"30":{"start":{"line":139,"column":28},"end":{"line":145,"column":null}},"31":{"start":{"line":147,"column":26},"end":{"line":158,"column":null}},"32":{"start":{"line":160,"column":6},"end":{"line":166,"column":null}},"33":{"start":{"line":179,"column":4},"end":{"line":215,"column":null}},"34":{"start":{"line":180,"column":21},"end":{"line":180,"column":null}},"35":{"start":{"line":181,"column":6},"end":{"line":183,"column":null}},"36":{"start":{"line":182,"column":8},"end":{"line":182,"column":null}},"37":{"start":{"line":184,"column":6},"end":{"line":186,"column":null}},"38":{"start":{"line":185,"column":8},"end":{"line":185,"column":null}},"39":{"start":{"line":188,"column":28},"end":{"line":194,"column":null}},"40":{"start":{"line":196,"column":26},"end":{"line":206,"column":null}},"41":{"start":{"line":208,"column":6},"end":{"line":214,"column":null}},"42":{"start":{"line":227,"column":4},"end":{"line":272,"column":null}},"43":{"start":{"line":228,"column":21},"end":{"line":228,"column":null}},"44":{"start":{"line":229,"column":6},"end":{"line":229,"column":null}},"45":{"start":{"line":229,"column":19},"end":{"line":229,"column":null}},"46":{"start":{"line":231,"column":6},"end":{"line":233,"column":null}},"47":{"start":{"line":232,"column":8},"end":{"line":232,"column":null}},"48":{"start":{"line":235,"column":28},"end":{"line":240,"column":null}},"49":{"start":{"line":242,"column":26},"end":{"line":252,"column":null}},"50":{"start":{"line":254,"column":6},"end":{"line":263,"column":null}},"51":{"start":{"line":265,"column":6},"end":{"line":271,"column":null}},"52":{"start":{"line":285,"column":20},"end":{"line":285,"column":null}},"53":{"start":{"line":287,"column":4},"end":{"line":350,"column":null}},"54":{"start":{"line":288,"column":21},"end":{"line":290,"column":null}},"55":{"start":{"line":292,"column":6},"end":{"line":294,"column":null}},"56":{"start":{"line":293,"column":8},"end":{"line":293,"column":null}},"57":{"start":{"line":296,"column":20},"end":{"line":298,"column":null}},"58":{"start":{"line":300,"column":6},"end":{"line":302,"column":null}},"59":{"start":{"line":301,"column":8},"end":{"line":301,"column":null}},"60":{"start":{"line":304,"column":6},"end":{"line":312,"column":null}},"61":{"start":{"line":305,"column":8},"end":{"line":311,"column":null}},"62":{"start":{"line":314,"column":27},"end":{"line":321,"column":null}},"63":{"start":{"line":323,"column":28},"end":{"line":330,"column":null}},"64":{"start":{"line":332,"column":6},"end":{"line":341,"column":null}},"65":{"start":{"line":343,"column":4},"end":{"line":349,"column":null}},"66":{"start":{"line":363,"column":4},"end":{"line":406,"column":null}},"67":{"start":{"line":364,"column":21},"end":{"line":366,"column":null}},"68":{"start":{"line":368,"column":6},"end":{"line":370,"column":null}},"69":{"start":{"line":369,"column":8},"end":{"line":369,"column":null}},"70":{"start":{"line":372,"column":23},"end":{"line":372,"column":null}},"71":{"start":{"line":373,"column":6},"end":{"line":384,"column":null}},"72":{"start":{"line":374,"column":8},"end":{"line":376,"column":null}},"73":{"start":{"line":378,"column":8},"end":{"line":383,"column":null}},"74":{"start":{"line":379,"column":10},"end":{"line":382,"column":null}},"75":{"start":{"line":386,"column":28},"end":{"line":396,"column":null}},"76":{"start":{"line":398,"column":26},"end":{"line":398,"column":null}},"77":{"start":{"line":399,"column":6},"end":{"line":405,"column":null}}},"fnMap":{"0":{"name":"(anonymous_3)","decl":{"start":{"line":27,"column":2},"end":{"line":27,"column":15}},"loc":{"start":{"line":34,"column":4},"end":{"line":114,"column":null}}},"1":{"name":"(anonymous_4)","decl":{"start":{"line":38,"column":37},"end":{"line":38,"column":44}},"loc":{"start":{"line":38,"column":44},"end":{"line":113,"column":null}}},"2":{"name":"(anonymous_5)","decl":{"start":{"line":119,"column":2},"end":{"line":119,"column":15}},"loc":{"start":{"line":126,"column":4},"end":{"line":168,"column":null}}},"3":{"name":"(anonymous_6)","decl":{"start":{"line":130,"column":37},"end":{"line":130,"column":44}},"loc":{"start":{"line":130,"column":44},"end":{"line":167,"column":null}}},"4":{"name":"(anonymous_7)","decl":{"start":{"line":173,"column":2},"end":{"line":173,"column":15}},"loc":{"start":{"line":178,"column":4},"end":{"line":216,"column":null}}},"5":{"name":"(anonymous_8)","decl":{"start":{"line":179,"column":37},"end":{"line":179,"column":44}},"loc":{"start":{"line":179,"column":44},"end":{"line":215,"column":null}}},"6":{"name":"(anonymous_9)","decl":{"start":{"line":221,"column":2},"end":{"line":221,"column":15}},"loc":{"start":{"line":226,"column":4},"end":{"line":273,"column":null}}},"7":{"name":"(anonymous_10)","decl":{"start":{"line":227,"column":37},"end":{"line":227,"column":44}},"loc":{"start":{"line":227,"column":44},"end":{"line":272,"column":null}}},"8":{"name":"(anonymous_11)","decl":{"start":{"line":278,"column":2},"end":{"line":278,"column":15}},"loc":{"start":{"line":284,"column":4},"end":{"line":351,"column":null}}},"9":{"name":"(anonymous_12)","decl":{"start":{"line":287,"column":37},"end":{"line":287,"column":44}},"loc":{"start":{"line":287,"column":44},"end":{"line":350,"column":null}}},"10":{"name":"(anonymous_13)","decl":{"start":{"line":356,"column":2},"end":{"line":356,"column":15}},"loc":{"start":{"line":362,"column":4},"end":{"line":407,"column":null}}},"11":{"name":"(anonymous_14)","decl":{"start":{"line":363,"column":37},"end":{"line":363,"column":44}},"loc":{"start":{"line":363,"column":44},"end":{"line":406,"column":null}}}},"branchMap":{"0":{"loc":{"start":{"line":12,"column":2},"end":{"line":19,"column":null}},"type":"binary-expr","locations":[{"start":{"line":12,"column":2},"end":{"line":12,"column":24}},{"start":{"line":13,"column":2},"end":{"line":19,"column":null}}]},"1":{"loc":{"start":{"line":21,"column":0},"end":{"line":21,"column":null}},"type":"if","locations":[{"start":{"line":21,"column":0},"end":{"line":21,"column":null}}]},"2":{"loc":{"start":{"line":35,"column":24},"end":{"line":35,"column":null}},"type":"cond-expr","locations":[{"start":{"line":35,"column":67},"end":{"line":35,"column":90}},{"start":{"line":35,"column":90},"end":{"line":35,"column":null}}]},"3":{"loc":{"start":{"line":36,"column":20},"end":{"line":36,"column":null}},"type":"cond-expr","locations":[{"start":{"line":36,"column":63},"end":{"line":36,"column":86}},{"start":{"line":36,"column":86},"end":{"line":36,"column":null}}]},"4":{"loc":{"start":{"line":43,"column":6},"end":{"line":45,"column":null}},"type":"if","locations":[{"start":{"line":43,"column":6},"end":{"line":45,"column":null}}]},"5":{"loc":{"start":{"line":47,"column":6},"end":{"line":49,"column":null}},"type":"if","locations":[{"start":{"line":47,"column":6},"end":{"line":49,"column":null}}]},"6":{"loc":{"start":{"line":55,"column":6},"end":{"line":63,"column":null}},"type":"if","locations":[{"start":{"line":55,"column":6},"end":{"line":63,"column":null}}]},"7":{"loc":{"start":{"line":55,"column":10},"end":{"line":55,"column":82}},"type":"binary-expr","locations":[{"start":{"line":55,"column":10},"end":{"line":55,"column":24}},{"start":{"line":55,"column":24},"end":{"line":55,"column":82}}]},"8":{"loc":{"start":{"line":69,"column":23},"end":{"line":69,"column":null}},"type":"binary-expr","locations":[{"start":{"line":69,"column":23},"end":{"line":69,"column":38}},{"start":{"line":69,"column":38},"end":{"line":69,"column":null}}]},"9":{"loc":{"start":{"line":71,"column":20},"end":{"line":71,"column":null}},"type":"binary-expr","locations":[{"start":{"line":71,"column":20},"end":{"line":71,"column":41}},{"start":{"line":71,"column":41},"end":{"line":71,"column":null}}]},"10":{"loc":{"start":{"line":80,"column":23},"end":{"line":80,"column":null}},"type":"binary-expr","locations":[{"start":{"line":80,"column":23},"end":{"line":80,"column":38}},{"start":{"line":80,"column":38},"end":{"line":80,"column":null}}]},"11":{"loc":{"start":{"line":82,"column":20},"end":{"line":82,"column":null}},"type":"binary-expr","locations":[{"start":{"line":82,"column":20},"end":{"line":82,"column":41}},{"start":{"line":82,"column":41},"end":{"line":82,"column":null}}]},"12":{"loc":{"start":{"line":111,"column":31},"end":{"line":111,"column":99}},"type":"binary-expr","locations":[{"start":{"line":111,"column":31},"end":{"line":111,"column":71}},{"start":{"line":111,"column":71},"end":{"line":111,"column":99}}]},"13":{"loc":{"start":{"line":127,"column":24},"end":{"line":127,"column":null}},"type":"cond-expr","locations":[{"start":{"line":127,"column":67},"end":{"line":127,"column":90}},{"start":{"line":127,"column":90},"end":{"line":127,"column":null}}]},"14":{"loc":{"start":{"line":128,"column":20},"end":{"line":128,"column":null}},"type":"cond-expr","locations":[{"start":{"line":128,"column":63},"end":{"line":128,"column":86}},{"start":{"line":128,"column":86},"end":{"line":128,"column":null}}]},"15":{"loc":{"start":{"line":132,"column":6},"end":{"line":134,"column":null}},"type":"if","locations":[{"start":{"line":132,"column":6},"end":{"line":134,"column":null}}]},"16":{"loc":{"start":{"line":132,"column":10},"end":{"line":132,"column":58}},"type":"binary-expr","locations":[{"start":{"line":132,"column":10},"end":{"line":132,"column":21}},{"start":{"line":132,"column":21},"end":{"line":132,"column":58}}]},"17":{"loc":{"start":{"line":135,"column":6},"end":{"line":137,"column":null}},"type":"if","locations":[{"start":{"line":135,"column":6},"end":{"line":137,"column":null}}]},"18":{"loc":{"start":{"line":165,"column":31},"end":{"line":165,"column":99}},"type":"binary-expr","locations":[{"start":{"line":165,"column":31},"end":{"line":165,"column":71}},{"start":{"line":165,"column":71},"end":{"line":165,"column":99}}]},"19":{"loc":{"start":{"line":181,"column":6},"end":{"line":183,"column":null}},"type":"if","locations":[{"start":{"line":181,"column":6},"end":{"line":183,"column":null}}]},"20":{"loc":{"start":{"line":181,"column":10},"end":{"line":181,"column":58}},"type":"binary-expr","locations":[{"start":{"line":181,"column":10},"end":{"line":181,"column":21}},{"start":{"line":181,"column":21},"end":{"line":181,"column":58}}]},"21":{"loc":{"start":{"line":184,"column":6},"end":{"line":186,"column":null}},"type":"if","locations":[{"start":{"line":184,"column":6},"end":{"line":186,"column":null}}]},"22":{"loc":{"start":{"line":213,"column":31},"end":{"line":213,"column":99}},"type":"binary-expr","locations":[{"start":{"line":213,"column":31},"end":{"line":213,"column":71}},{"start":{"line":213,"column":71},"end":{"line":213,"column":99}}]},"23":{"loc":{"start":{"line":229,"column":6},"end":{"line":229,"column":null}},"type":"if","locations":[{"start":{"line":229,"column":6},"end":{"line":229,"column":null}}]},"24":{"loc":{"start":{"line":231,"column":6},"end":{"line":233,"column":null}},"type":"if","locations":[{"start":{"line":231,"column":6},"end":{"line":233,"column":null}}]},"25":{"loc":{"start":{"line":270,"column":31},"end":{"line":270,"column":99}},"type":"binary-expr","locations":[{"start":{"line":270,"column":31},"end":{"line":270,"column":71}},{"start":{"line":270,"column":71},"end":{"line":270,"column":99}}]},"26":{"loc":{"start":{"line":285,"column":20},"end":{"line":285,"column":null}},"type":"cond-expr","locations":[{"start":{"line":285,"column":63},"end":{"line":285,"column":86}},{"start":{"line":285,"column":86},"end":{"line":285,"column":null}}]},"27":{"loc":{"start":{"line":292,"column":6},"end":{"line":294,"column":null}},"type":"if","locations":[{"start":{"line":292,"column":6},"end":{"line":294,"column":null}}]},"28":{"loc":{"start":{"line":300,"column":6},"end":{"line":302,"column":null}},"type":"if","locations":[{"start":{"line":300,"column":6},"end":{"line":302,"column":null}}]},"29":{"loc":{"start":{"line":304,"column":6},"end":{"line":312,"column":null}},"type":"if","locations":[{"start":{"line":304,"column":6},"end":{"line":312,"column":null}}]},"30":{"loc":{"start":{"line":348,"column":31},"end":{"line":348,"column":99}},"type":"binary-expr","locations":[{"start":{"line":348,"column":31},"end":{"line":348,"column":71}},{"start":{"line":348,"column":71},"end":{"line":348,"column":99}}]},"31":{"loc":{"start":{"line":368,"column":6},"end":{"line":370,"column":null}},"type":"if","locations":[{"start":{"line":368,"column":6},"end":{"line":370,"column":null}}]},"32":{"loc":{"start":{"line":373,"column":6},"end":{"line":384,"column":null}},"type":"if","locations":[{"start":{"line":373,"column":6},"end":{"line":384,"column":null}}]},"33":{"loc":{"start":{"line":378,"column":8},"end":{"line":383,"column":null}},"type":"if","locations":[{"start":{"line":378,"column":8},"end":{"line":383,"column":null}}]},"34":{"loc":{"start":{"line":398,"column":26},"end":{"line":398,"column":null}},"type":"binary-expr","locations":[{"start":{"line":398,"column":26},"end":{"line":398,"column":35}},{"start":{"line":398,"column":35},"end":{"line":398,"column":null}}]},"35":{"loc":{"start":{"line":404,"column":31},"end":{"line":404,"column":99}},"type":"binary-expr","locations":[{"start":{"line":404,"column":31},"end":{"line":404,"column":71}},{"start":{"line":404,"column":71},"end":{"line":404,"column":99}}]}},"s":{"0":9,"1":18,"2":6,"3":6,"4":6,"5":6,"6":6,"7":4,"8":4,"9":4,"10":4,"11":4,"12":1,"13":3,"14":0,"15":3,"16":3,"17":0,"18":3,"19":3,"20":3,"21":3,"22":0,"23":0,"24":0,"25":0,"26":0,"27":0,"28":0,"29":0,"30":0,"31":0,"32":0,"33":1,"34":1,"35":1,"36":0,"37":1,"38":1,"39":0,"40":0,"41":0,"42":2,"43":2,"44":2,"45":0,"46":2,"47":1,"48":1,"49":1,"50":1,"51":1,"52":1,"53":1,"54":1,"55":1,"56":0,"57":1,"58":1,"59":0,"60":1,"61":0,"62":1,"63":1,"64":1,"65":1,"66":1,"67":1,"68":1,"69":0,"70":1,"71":1,"72":1,"73":1,"74":1,"75":1,"76":1,"77":1},"f":{"0":4,"1":4,"2":0,"3":0,"4":1,"5":1,"6":2,"7":2,"8":1,"9":1,"10":1,"11":1},"b":{"0":[6,5],"1":[6],"2":[0,4],"3":[1,3],"4":[1],"5":[0],"6":[0],"7":[3,0],"8":[3,3],"9":[3,3],"10":[3,3],"11":[3,3],"12":[3,0],"13":[0,0],"14":[0,0],"15":[0],"16":[0,0],"17":[0],"18":[0,0],"19":[0],"20":[1,1],"21":[1],"22":[0,0],"23":[0],"24":[1],"25":[1,0],"26":[0,1],"27":[0],"28":[0],"29":[0],"30":[1,0],"31":[0],"32":[1],"33":[1],"34":[1,0],"35":[1,0]}}
}
