{"total": {"lines":{"total":575,"covered":478,"skipped":0,"pct":83.13},"statements":{"total":606,"covered":504,"skipped":0,"pct":83.16},"functions":{"total":80,"covered":67,"skipped":0,"pct":83.75},"branches":{"total":229,"covered":160,"skipped":0,"pct":69.86},"branchesTrue":{"total":0,"covered":0,"skipped":0,"pct":100}}
,"C:\\xampp\\htdocs\\gen-z-lotto\\src\\app\\api\\admin\\draws\\route.ts": {"lines":{"total":18,"covered":13,"skipped":0,"pct":72.22},"functions":{"total":2,"covered":1,"skipped":0,"pct":50},"statements":{"total":18,"covered":13,"skipped":0,"pct":72.22},"branches":{"total":5,"covered":5,"skipped":0,"pct":100}}
,"C:\\xampp\\htdocs\\gen-z-lotto\\src\\app\\api\\admin\\draws\\[id]\\settle\\route.ts": {"lines":{"total":12,"covered":12,"skipped":0,"pct":100},"functions":{"total":1,"covered":1,"skipped":0,"pct":100},"statements":{"total":12,"covered":12,"skipped":0,"pct":100},"branches":{"total":1,"covered":1,"skipped":0,"pct":100}}
,"C:\\xampp\\htdocs\\gen-z-lotto\\src\\app\\api\\admin\\draws\\[id]\\winning-number\\route.ts": {"lines":{"total":13,"covered":13,"skipped":0,"pct":100},"functions":{"total":1,"covered":1,"skipped":0,"pct":100},"statements":{"total":13,"covered":13,"skipped":0,"pct":100},"branches":{"total":3,"covered":3,"skipped":0,"pct":100}}
,"C:\\xampp\\htdocs\\gen-z-lotto\\src\\app\\api\\tickets\\route.ts": {"lines":{"total":59,"covered":59,"skipped":0,"pct":100},"functions":{"total":3,"covered":3,"skipped":0,"pct":100},"statements":{"total":59,"covered":59,"skipped":0,"pct":100},"branches":{"total":35,"covered":32,"skipped":0,"pct":91.42}}
,"C:\\xampp\\htdocs\\gen-z-lotto\\src\\app\\api\\tickets\\[id]\\route.ts": {"lines":{"total":17,"covered":13,"skipped":0,"pct":76.47},"functions":{"total":1,"covered":1,"skipped":0,"pct":100},"statements":{"total":17,"covered":13,"skipped":0,"pct":76.47},"branches":{"total":5,"covered":3,"skipped":0,"pct":60}}
,"C:\\xampp\\htdocs\\gen-z-lotto\\src\\lib\\auth\\index.ts": {"lines":{"total":5,"covered":5,"skipped":0,"pct":100},"functions":{"total":0,"covered":0,"skipped":0,"pct":100},"statements":{"total":5,"covered":5,"skipped":0,"pct":100},"branches":{"total":0,"covered":0,"skipped":0,"pct":100}}
,"C:\\xampp\\htdocs\\gen-z-lotto\\src\\lib\\auth\\otp.ts": {"lines":{"total":44,"covered":16,"skipped":0,"pct":36.36},"functions":{"total":4,"covered":2,"skipped":0,"pct":50},"statements":{"total":45,"covered":17,"skipped":0,"pct":37.77},"branches":{"total":14,"covered":0,"skipped":0,"pct":0}}
,"C:\\xampp\\htdocs\\gen-z-lotto\\src\\lib\\auth\\password.ts": {"lines":{"total":7,"covered":6,"skipped":0,"pct":85.71},"functions":{"total":2,"covered":2,"skipped":0,"pct":100},"statements":{"total":7,"covered":6,"skipped":0,"pct":85.71},"branches":{"total":0,"covered":0,"skipped":0,"pct":100}}
,"C:\\xampp\\htdocs\\gen-z-lotto\\src\\lib\\auth\\phone.ts": {"lines":{"total":13,"covered":12,"skipped":0,"pct":92.3},"functions":{"total":3,"covered":3,"skipped":0,"pct":100},"statements":{"total":14,"covered":12,"skipped":0,"pct":85.71},"branches":{"total":7,"covered":5,"skipped":0,"pct":71.42}}
,"C:\\xampp\\htdocs\\gen-z-lotto\\src\\lib\\auth\\rbac.ts": {"lines":{"total":23,"covered":8,"skipped":0,"pct":34.78},"functions":{"total":3,"covered":1,"skipped":0,"pct":33.33},"statements":{"total":25,"covered":8,"skipped":0,"pct":32},"branches":{"total":14,"covered":2,"skipped":0,"pct":14.28}}
,"C:\\xampp\\htdocs\\gen-z-lotto\\src\\lib\\auth\\session.ts": {"lines":{"total":26,"covered":18,"skipped":0,"pct":69.23},"functions":{"total":3,"covered":1,"skipped":0,"pct":33.33},"statements":{"total":27,"covered":19,"skipped":0,"pct":70.37},"branches":{"total":7,"covered":5,"skipped":0,"pct":71.42}}
,"C:\\xampp\\htdocs\\gen-z-lotto\\src\\lib\\db\\prisma.ts": {"lines":{"total":4,"covered":4,"skipped":0,"pct":100},"functions":{"total":0,"covered":0,"skipped":0,"pct":100},"statements":{"total":5,"covered":5,"skipped":0,"pct":100},"branches":{"total":5,"covered":4,"skipped":0,"pct":80}}
,"C:\\xampp\\htdocs\\gen-z-lotto\\src\\lib\\lottery\\phase4-lottery-engine.ts": {"lines":{"total":232,"covered":219,"skipped":0,"pct":94.39},"functions":{"total":43,"covered":43,"skipped":0,"pct":100},"statements":{"total":253,"covered":240,"skipped":0,"pct":94.86},"branches":{"total":81,"covered":60,"skipped":0,"pct":74.07}}
,"C:\\xampp\\htdocs\\gen-z-lotto\\src\\services\\admin-draw.service.ts": {"lines":{"total":28,"covered":24,"skipped":0,"pct":85.71},"functions":{"total":3,"covered":2,"skipped":0,"pct":66.66},"statements":{"total":30,"covered":26,"skipped":0,"pct":86.66},"branches":{"total":13,"covered":12,"skipped":0,"pct":92.3}}
,"C:\\xampp\\htdocs\\gen-z-lotto\\src\\services\\draw-settlement.service.ts": {"lines":{"total":28,"covered":18,"skipped":0,"pct":64.28},"functions":{"total":1,"covered":1,"skipped":0,"pct":100},"statements":{"total":29,"covered":18,"skipped":0,"pct":62.06},"branches":{"total":10,"covered":6,"skipped":0,"pct":60}}
,"C:\\xampp\\htdocs\\gen-z-lotto\\src\\services\\ledger.service.ts": {"lines":{"total":21,"covered":20,"skipped":0,"pct":95.23},"functions":{"total":2,"covered":2,"skipped":0,"pct":100},"statements":{"total":21,"covered":20,"skipped":0,"pct":95.23},"branches":{"total":17,"covered":15,"skipped":0,"pct":88.23}}
,"C:\\xampp\\htdocs\\gen-z-lotto\\src\\services\\payout-engine.ts": {"lines":{"total":3,"covered":1,"skipped":0,"pct":33.33},"functions":{"total":2,"covered":0,"skipped":0,"pct":0},"statements":{"total":4,"covered":1,"skipped":0,"pct":25},"branches":{"total":0,"covered":0,"skipped":0,"pct":100}}
,"C:\\xampp\\htdocs\\gen-z-lotto\\src\\services\\wallet.service.ts": {"lines":{"total":22,"covered":17,"skipped":0,"pct":77.27},"functions":{"total":6,"covered":3,"skipped":0,"pct":50},"statements":{"total":22,"covered":17,"skipped":0,"pct":77.27},"branches":{"total":12,"covered":7,"skipped":0,"pct":58.33}}
}
