TN:
SF:src\app\api\admin\draws\route.ts
FN:7,GET
FN:22,POST
FNF:2
FNH:1
FNDA:0,GET
FNDA:6,POST
DA:1,2
DA:2,2
DA:3,2
DA:5,2
DA:7,0
DA:8,0
DA:9,0
DA:16,0
DA:18,0
DA:22,6
DA:23,6
DA:24,6
DA:25,6
DA:27,6
DA:28,5
DA:34,1
DA:41,1
DA:43,0
LF:18
LH:12
BRDA:27,0,0,5
BRDA:27,1,0,6
BRDA:27,1,1,6
BRDA:27,1,2,4
BRDA:27,1,3,4
BRF:5
BRH:5
end_of_record
TN:
SF:src\app\api\admin\draws\[id]\settle\route.ts
FN:4,POST
FNF:1
FNH:1
FNDA:4,POST
DA:1,2
DA:2,2
DA:4,4
DA:8,4
DA:9,4
DA:10,4
DA:11,4
DA:13,4
DA:14,1
DA:20,3
DA:21,1
DA:23,2
LF:12
LH:12
BRDA:13,0,0,1
BRF:1
BRH:1
end_of_record
TN:
SF:src\app\api\admin\draws\[id]\winning-number\route.ts
FN:4,POST
FNF:1
FNH:1
FNDA:5,POST
DA:1,2
DA:2,2
DA:4,5
DA:8,5
DA:9,5
DA:10,5
DA:11,5
DA:13,5
DA:15,5
DA:16,1
DA:22,4
DA:23,2
DA:25,3
LF:13
LH:13
BRDA:13,0,0,5
BRDA:13,0,1,5
BRDA:15,1,0,1
BRF:3
BRH:3
end_of_record
TN:
SF:src\app\api\tickets\route.ts
FN:7,POST
FN:64,(anonymous_3)
FN:88,(anonymous_4)
FNF:3
FNH:3
FNDA:26,POST
FNDA:22,(anonymous_3)
FNDA:12,(anonymous_4)
DA:1,2
DA:2,2
DA:3,2
DA:4,2
DA:5,2
DA:7,26
DA:11,26
DA:12,26
DA:13,26
DA:14,3
DA:17,23
DA:19,23
DA:27,23
DA:29,23
DA:30,2
DA:34,2
DA:35,1
DA:39,1
DA:40,1
DA:55,22
DA:56,1
DA:62,21
DA:63,21
DA:64,22
DA:67,21
DA:68,5
DA:74,16
DA:75,16
DA:77,16
DA:82,4
DA:88,12
DA:89,12
DA:93,12
DA:94,1
DA:97,11
DA:98,11
DA:99,11
DA:101,11
DA:102,5
DA:105,6
DA:109,6
DA:110,6
DA:111,6
DA:113,6
DA:123,5
DA:132,5
DA:139,4
DA:140,1
DA:143,3
DA:152,3
DA:155,3
DA:168,9
DA:169,1
DA:175,8
DA:176,5
DA:182,3
DA:187,2
DA:193,1
DA:194,1
LF:59
LH:59
BRDA:13,0,0,3
BRDA:24,1,0,0
BRDA:29,2,0,2
BRDA:34,3,0,1
BRDA:39,4,0,1
BRDA:55,5,0,1
BRDA:55,6,0,22
BRDA:55,6,1,22
BRDA:64,7,0,22
BRDA:64,7,1,22
BRDA:64,7,2,20
BRDA:67,8,0,5
BRDA:67,9,0,21
BRDA:67,9,1,20
BRDA:77,10,0,4
BRDA:78,11,0,16
BRDA:78,11,1,16
BRDA:78,11,2,13
BRDA:93,12,0,1
BRDA:99,13,0,11
BRDA:99,13,1,4
BRDA:101,14,0,5
BRDA:101,15,0,11
BRDA:101,15,1,7
BRDA:106,16,0,6
BRDA:106,16,1,0
BRDA:109,17,0,6
BRDA:109,17,1,0
BRDA:139,18,0,1
BRDA:168,19,0,1
BRDA:175,20,0,5
BRDA:182,21,0,2
BRDA:183,22,0,3
BRDA:183,22,1,1
BRDA:183,22,2,1
BRF:35
BRH:32
end_of_record
TN:
SF:src\app\api\tickets\[id]\route.ts
FN:5,GET
FNF:1
FNH:1
FNDA:2,GET
DA:1,1
DA:2,1
DA:3,1
DA:5,2
DA:9,2
DA:10,2
DA:11,2
DA:12,0
DA:15,2
DA:17,2
DA:32,2
DA:33,0
DA:39,2
DA:40,1
DA:46,1
DA:57,0
DA:58,0
LF:17
LH:13
BRDA:11,0,0,0
BRDA:32,1,0,0
BRDA:39,2,0,1
BRDA:39,3,0,2
BRDA:39,3,1,1
BRF:5
BRH:3
end_of_record
TN:
SF:src\lib\auth\index.ts
FNF:0
FNH:0
DA:2,1
DA:3,1
DA:4,1
DA:5,1
DA:6,1
LF:5
LH:5
BRF:0
BRH:0
end_of_record
TN:
SF:src\lib\auth\otp.ts
FN:8,generateCryptoOTP
FN:18,hashOTP
FN:22,createAndDeliverOTP
FN:68,verifyOTP
FNF:4
FNH:3
FNDA:3,generateCryptoOTP
FNDA:10,hashOTP
FNDA:0,createAndDeliverOTP
FNDA:1,verifyOTP
DA:1,2
DA:2,2
DA:4,2
DA:5,2
DA:6,2
DA:8,3
DA:9,3
DA:10,3
DA:11,3
DA:12,3
DA:13,18
DA:15,3
DA:18,9
DA:19,10
DA:22,0
DA:24,0
DA:29,0
DA:30,0
DA:31,0
DA:32,0
DA:33,0
DA:37,0
DA:38,0
DA:39,0
DA:42,0
DA:47,0
DA:58,0
DA:59,0
DA:60,0
DA:65,0
DA:68,1
DA:69,1
DA:71,1
DA:80,1
DA:81,1
DA:84,0
DA:85,0
DA:88,0
DA:89,0
DA:92,0
DA:93,0
DA:97,0
DA:101,0
DA:106,0
LF:44
LH:19
BRDA:22,0,0,0
BRDA:29,1,0,0
BRDA:31,2,0,0
BRDA:58,3,0,0
BRDA:58,3,1,0
BRDA:59,4,0,0
BRDA:59,4,1,0
BRDA:59,5,0,0
BRDA:59,5,1,0
BRDA:68,6,0,0
BRDA:80,7,0,1
BRDA:84,8,0,0
BRDA:88,9,0,0
BRDA:92,10,0,0
BRF:14
BRH:1
end_of_record
TN:
SF:src\lib\auth\password.ts
FN:6,hashPassword
FN:18,verifyPassword
FNF:2
FNH:2
FNDA:1,hashPassword
FNDA:3,verifyPassword
DA:1,1
DA:6,1
DA:7,1
DA:18,3
DA:19,3
DA:20,3
DA:22,0
LF:7
LH:6
BRF:0
BRH:0
end_of_record
TN:
SF:src\lib\auth\phone.ts
FN:8,normalizePhoneNumber
FN:23,isValidPhoneNumber
FN:33,maskPhoneNumber
FNF:3
FNH:3
FNDA:7,normalizePhoneNumber
FNDA:3,isValidPhoneNumber
FNDA:1,maskPhoneNumber
DA:8,4
DA:9,7
DA:11,7
DA:12,3
DA:13,4
DA:14,0
DA:17,7
DA:23,3
DA:24,3
DA:26,3
DA:33,1
DA:34,1
DA:35,1
LF:13
LH:12
BRDA:8,0,0,7
BRDA:11,1,0,3
BRDA:11,1,1,4
BRDA:13,2,0,0
BRDA:13,3,0,4
BRDA:13,3,1,2
BRDA:34,4,0,0
BRF:7
BRH:5
end_of_record
TN:
SF:src\lib\auth\rbac.ts
FN:25,requireAuth
FN:67,requireRole
FN:85,(anonymous_5)
FNF:3
FNH:2
FNDA:3,requireAuth
FNDA:1,requireRole
FNDA:0,(anonymous_5)
DA:1,3
DA:2,3
DA:3,3
DA:25,3
DA:26,3
DA:28,3
DA:29,3
DA:39,0
DA:44,0
DA:50,0
DA:60,0
DA:67,2
DA:68,1
DA:69,1
DA:71,0
DA:73,0
DA:74,0
DA:80,0
DA:81,0
DA:85,0
DA:87,0
DA:88,0
DA:98,0
LF:23
LH:10
BRDA:28,0,0,3
BRDA:28,1,0,3
BRDA:28,1,1,0
BRDA:44,2,0,0
BRDA:45,3,0,0
BRDA:45,3,1,0
BRDA:45,3,2,0
BRDA:45,3,3,0
BRDA:69,4,0,1
BRDA:71,5,0,0
BRDA:71,5,1,0
BRDA:73,6,0,0
BRDA:80,7,0,0
BRDA:87,8,0,0
BRF:14
BRH:3
end_of_record
TN:
SF:src\lib\auth\session.ts
FN:17,createSessionCookie
FN:38,getSession
FN:64,destroySession
FNF:3
FNH:1
FNDA:0,createSessionCookie
FNDA:7,getSession
FNDA:0,destroySession
DA:1,3
DA:2,3
DA:4,3
DA:7,3
DA:17,0
DA:20,0
DA:26,0
DA:27,0
DA:35,0
DA:38,7
DA:42,7
DA:43,7
DA:46,7
DA:47,5
DA:48,5
DA:49,5
DA:50,0
DA:54,7
DA:56,2
DA:57,2
DA:58,0
DA:60,2
DA:64,0
DA:65,0
DA:66,0
DA:70,3
LF:26
LH:16
BRDA:5,0,0,3
BRDA:5,0,1,0
BRDA:46,1,0,5
BRDA:49,2,0,0
BRDA:49,3,0,5
BRDA:49,3,1,0
BRDA:54,4,0,5
BRF:7
BRH:4
end_of_record
TN:
SF:src\lib\db\prisma.ts
FNF:0
FNH:0
DA:2,2
DA:4,2
DA:6,2
DA:7,2
DA:16,2
LF:5
LH:5
BRDA:7,0,0,2
BRDA:7,0,1,2
BRDA:16,1,0,2
BRF:3
BRH:3
end_of_record
TN:
SF:src\lib\lottery\phase4-lottery-engine.ts
FN:18,ghsToPesewas
FN:22,pesewasToGhs
FN:26,formatGhsDisplay
FN:30,formatLottoNumber
FN:105,(anonymous_27)
FN:117,(anonymous_28)
FN:124,(anonymous_29)
FN:130,(anonymous_30)
FN:159,(anonymous_31)
FN:173,(anonymous_32)
FN:177,(anonymous_33)
FN:217,(anonymous_34)
FN:223,(anonymous_35)
FN:269,(anonymous_37)
FN:275,(anonymous_38)
FN:328,(anonymous_40)
FN:334,(anonymous_41)
FN:387,(anonymous_43)
FN:393,(anonymous_44)
FN:394,(anonymous_45)
FN:406,(anonymous_46)
FN:416,(anonymous_47)
FN:451,(anonymous_49)
FN:457,(anonymous_50)
FN:458,(anonymous_51)
FN:467,(anonymous_52)
FN:475,(anonymous_53)
FN:475,(anonymous_54)
FN:508,(anonymous_56)
FN:514,(anonymous_57)
FN:552,(anonymous_59)
FN:556,(anonymous_60)
FN:573,(anonymous_61)
FN:601,(anonymous_62)
FNF:34
FNH:34
FNDA:4,ghsToPesewas
FNDA:2,pesewasToGhs
FNDA:5,formatGhsDisplay
FNDA:4,formatLottoNumber
FNDA:10,(anonymous_27)
FNDA:694,(anonymous_28)
FNDA:624,(anonymous_29)
FNDA:3,(anonymous_30)
FNDA:20,(anonymous_31)
FNDA:10,(anonymous_32)
FNDA:16,(anonymous_33)
FNDA:6,(anonymous_34)
FNDA:12,(anonymous_35)
FNDA:2,(anonymous_37)
FNDA:26,(anonymous_38)
FNDA:2,(anonymous_40)
FNDA:4,(anonymous_41)
FNDA:2,(anonymous_43)
FNDA:1,(anonymous_44)
FNDA:3,(anonymous_45)
FNDA:3,(anonymous_46)
FNDA:7,(anonymous_47)
FNDA:2,(anonymous_49)
FNDA:1,(anonymous_50)
FNDA:1,(anonymous_51)
FNDA:2,(anonymous_52)
FNDA:4,(anonymous_53)
FNDA:4,(anonymous_54)
FNDA:2,(anonymous_56)
FNDA:5,(anonymous_57)
FNDA:18,(anonymous_59)
FNDA:4,(anonymous_60)
FNDA:1,(anonymous_61)
FNDA:3,(anonymous_62)
DA:1,3
DA:7,3
DA:18,4
DA:19,4
DA:22,2
DA:23,2
DA:26,2
DA:27,5
DA:30,3
DA:31,4
DA:34,11
DA:46,3
DA:55,12
DA:104,11
DA:106,10
DA:107,7
DA:108,5
DA:110,5
DA:111,5
DA:112,7
DA:114,5
DA:118,694
DA:119,383
DA:121,343
DA:122,343
DA:124,624
DA:125,343
DA:127,343
DA:131,3
DA:132,3
DA:133,4
DA:134,8
DA:135,7
DA:139,3
DA:160,20
DA:161,20
DA:162,68
DA:163,1
DA:164,67
DA:165,2
DA:170,20
DA:174,10
DA:182,16
DA:183,16
DA:185,16
DA:186,1
DA:190,16
DA:191,0
DA:195,16
DA:199,1
DA:204,16
DA:214,4
DA:222,6
DA:223,12
DA:225,6
DA:227,6
DA:228,1
DA:231,6
DA:232,1
DA:236,6
DA:237,0
DA:242,6
DA:243,6
DA:245,6
DA:246,6
DA:248,6
DA:249,6
DA:250,3
DA:253,6
DA:266,4
DA:274,2
DA:275,26
DA:277,2
DA:278,1
DA:283,2
DA:285,2
DA:286,0
DA:289,2
DA:290,0
DA:293,2
DA:295,2
DA:296,0
DA:301,2
DA:302,2
DA:303,2
DA:305,2
DA:306,2
DA:307,2
DA:312,2
DA:325,4
DA:333,2
DA:334,4
DA:336,2
DA:337,0
DA:342,2
DA:344,2
DA:345,0
DA:348,2
DA:349,1
DA:352,2
DA:354,2
DA:355,0
DA:360,2
DA:361,2
DA:362,2
DA:364,2
DA:365,2
DA:366,2
DA:371,2
DA:384,4
DA:392,2
DA:393,2
DA:394,3
DA:396,2
DA:397,2
DA:399,2
DA:400,0
DA:402,2
DA:403,0
DA:406,3
DA:407,2
DA:408,1
DA:413,2
DA:414,2
DA:415,3
DA:416,7
DA:420,2
DA:421,2
DA:422,0
DA:425,2
DA:426,2
DA:428,2
DA:429,2
DA:430,2
DA:435,2
DA:448,4
DA:456,2
DA:457,2
DA:458,2
DA:460,2
DA:461,2
DA:463,2
DA:464,1
DA:467,2
DA:468,2
DA:469,0
DA:474,2
DA:475,4
DA:477,2
DA:478,2
DA:479,0
DA:482,2
DA:483,2
DA:485,2
DA:486,2
DA:487,2
DA:492,2
DA:505,4
DA:513,2
DA:514,5
DA:516,2
DA:518,2
DA:519,1
DA:522,2
DA:523,2
DA:524,2
DA:525,2
DA:527,2
DA:528,2
DA:529,2
DA:532,2
DA:549,1
DA:550,3
DA:553,18
DA:557,4
DA:558,4
DA:559,1
DA:561,3
DA:565,3
DA:566,3
DA:567,3
DA:568,3
DA:569,3
DA:570,3
DA:572,1
DA:574,1
DA:575,1
DA:576,1
DA:577,8
DA:578,8
DA:580,1
DA:588,3
DA:600,3
DA:608,3
DA:609,3
DA:611,3
DA:612,1
DA:615,3
DA:616,1
DA:619,3
DA:620,3
DA:622,3
DA:623,2
DA:630,1
LF:204
LH:191
BRDA:106,0,0,3
BRDA:106,1,0,10
BRDA:106,1,1,9
BRDA:107,2,0,2
BRDA:107,3,0,7
BRDA:107,3,1,6
BRDA:108,4,0,3
BRDA:118,5,0,311
BRDA:119,6,0,40
BRDA:119,7,0,383
BRDA:119,7,1,351
BRDA:134,8,0,7
BRDA:162,9,0,1
BRDA:162,9,1,67
BRDA:164,10,0,2
BRDA:164,11,0,67
BRDA:164,11,1,66
BRDA:185,12,0,1
BRDA:190,13,0,0
BRDA:195,14,0,1
BRDA:196,15,0,16
BRDA:196,15,1,16
BRDA:223,16,0,6
BRDA:223,16,1,0
BRDA:227,17,0,1
BRDA:227,18,0,6
BRDA:227,18,1,6
BRDA:231,19,0,1
BRDA:236,20,0,0
BRDA:249,21,0,3
BRDA:275,22,0,2
BRDA:275,22,1,0
BRDA:277,23,0,1
BRDA:285,24,0,0
BRDA:285,25,0,2
BRDA:285,25,1,2
BRDA:289,26,0,0
BRDA:295,27,0,0
BRDA:306,28,0,2
BRDA:334,29,0,2
BRDA:334,29,1,0
BRDA:336,30,0,0
BRDA:344,31,0,0
BRDA:344,32,0,2
BRDA:344,32,1,2
BRDA:348,33,0,1
BRDA:354,34,0,0
BRDA:365,35,0,2
BRDA:393,36,0,2
BRDA:393,36,1,0
BRDA:394,37,0,2
BRDA:394,37,1,0
BRDA:399,38,0,0
BRDA:402,39,0,0
BRDA:407,40,0,1
BRDA:421,41,0,0
BRDA:429,42,0,2
BRDA:457,43,0,2
BRDA:457,43,1,0
BRDA:458,44,0,2
BRDA:458,44,1,0
BRDA:463,45,0,1
BRDA:463,46,0,2
BRDA:463,46,1,1
BRDA:468,47,0,0
BRDA:478,48,0,0
BRDA:486,49,0,2
BRDA:514,50,0,2
BRDA:514,50,1,0
BRDA:518,51,0,1
BRDA:528,52,0,2
BRDA:558,53,0,1
BRDA:611,54,0,1
BRDA:615,55,0,1
BRDA:622,56,0,2
BRF:75
BRH:54
end_of_record
TN:
SF:src\services\admin-draw.service.ts
FN:23,(anonymous_1)
FN:47,(anonymous_2)
FN:79,(anonymous_3)
FNF:3
FNH:3
FNDA:1,(anonymous_1)
FNDA:2,(anonymous_2)
FNDA:2,(anonymous_3)
DA:1,3
DA:3,3
DA:5,3
DA:22,7
DA:24,1
DA:33,1
DA:34,1
DA:44,1
DA:48,2
DA:49,2
DA:51,2
DA:52,2
DA:53,1
DA:56,1
DA:58,1
DA:59,0
DA:62,1
DA:67,1
DA:76,1
DA:80,2
DA:81,2
DA:83,2
DA:84,1
DA:87,1
DA:88,0
DA:91,1
DA:104,1
DA:113,1
LF:28
LH:26
BRDA:33,0,0,1
BRDA:49,1,0,0
BRDA:52,2,0,1
BRDA:52,3,0,2
BRDA:52,3,1,2
BRDA:58,4,0,0
BRDA:58,5,0,1
BRDA:58,5,1,0
BRDA:81,6,0,0
BRDA:83,7,0,1
BRDA:87,8,0,0
BRDA:87,9,0,1
BRDA:87,9,1,0
BRF:13
BRH:7
end_of_record
TN:
SF:src\services\draw-settlement.service.ts
FN:7,(anonymous_1)
FNF:1
FNH:1
FNDA:4,(anonymous_1)
DA:1,5
DA:2,5
DA:4,5
DA:6,7
DA:8,4
DA:18,4
DA:20,3
DA:21,2
DA:24,1
DA:25,1
DA:26,0
DA:29,1
DA:38,1
DA:43,1
DA:48,1
DA:49,1
DA:51,1
DA:52,1
DA:53,1
DA:55,1
DA:56,1
DA:57,1
DA:58,1
DA:61,1
DA:64,1
DA:72,1
DA:77,1
DA:87,1
LF:28
LH:27
BRDA:18,0,0,1
BRDA:20,1,0,2
BRDA:24,2,0,1
BRDA:24,2,1,0
BRDA:25,3,0,0
BRDA:25,4,0,1
BRDA:25,4,1,1
BRDA:56,5,0,1
BRDA:67,6,0,1
BRDA:67,6,1,0
BRF:10
BRH:7
end_of_record
TN:
SF:src\services\ledger.service.ts
FN:24,(anonymous_2)
FN:55,(anonymous_3)
FN:97,(anonymous_4)
FNF:3
FNH:3
FNDA:2,(anonymous_2)
FNDA:1,(anonymous_3)
FNDA:1,(anonymous_4)
DA:1,2
DA:2,2
DA:4,2
DA:19,3
DA:37,2
DA:40,2
DA:41,2
DA:43,2
DA:44,4
DA:45,2
DA:47,2
DA:51,2
DA:52,1
DA:55,1
DA:57,1
DA:71,1
DA:72,2
DA:83,1
DA:87,1
DA:88,0
DA:90,1
DA:108,1
DA:109,1
DA:111,1
LF:24
LH:23
BRDA:37,0,0,2
BRDA:37,0,1,1
BRDA:44,1,0,2
BRDA:44,1,1,2
BRDA:51,2,0,1
BRDA:63,3,0,1
BRDA:63,3,1,1
BRDA:64,4,0,1
BRDA:64,4,1,0
BRDA:65,5,0,1
BRDA:65,5,1,1
BRDA:66,6,0,1
BRDA:66,6,1,1
BRDA:75,7,0,2
BRDA:75,7,1,1
BRDA:87,8,0,0
BRDA:87,8,1,1
BRDA:108,9,0,1
BRDA:108,9,1,0
BRDA:109,10,0,1
BRDA:109,10,1,1
BRDA:109,11,0,1
BRDA:109,11,1,0
BRDA:114,12,0,1
BRDA:114,12,1,0
BRDA:117,13,0,1
BRDA:117,13,1,1
BRDA:117,14,0,1
BRDA:117,14,1,0
BRDA:117,15,0,1
BRDA:117,15,1,0
BRF:31
BRH:24
end_of_record
TN:
SF:src\services\momo-deposit.service.ts
FN:6,(anonymous_4)
FN:11,(anonymous_5)
FN:82,(anonymous_6)
FNF:3
FNH:3
FNDA:2,(anonymous_4)
FNDA:2,(anonymous_5)
FNDA:1,(anonymous_6)
DA:1,1
DA:3,1
DA:5,2
DA:11,2
DA:13,2
DA:18,2
DA:19,0
DA:22,2
DA:23,2
DA:24,0
DA:26,2
DA:29,2
DA:33,1
DA:37,1
DA:38,1
DA:40,1
DA:41,0
DA:48,0
DA:52,1
DA:53,0
DA:61,0
DA:65,1
DA:66,1
DA:76,1
DA:82,1
DA:83,1
DA:92,1
DA:95,0
LF:28
LH:21
BRDA:18,0,0,0
BRDA:23,1,0,0
BRDA:23,2,0,2
BRDA:23,2,1,2
BRDA:29,3,0,1
BRDA:30,4,0,2
BRDA:30,4,1,1
BRDA:40,5,0,0
BRDA:52,6,0,0
BRDA:58,7,0,0
BRDA:58,7,1,0
BRDA:65,8,0,1
BRDA:65,9,0,1
BRDA:65,9,1,0
BRF:14
BRH:7
end_of_record
TN:
SF:src\services\payout-engine.ts
FN:2,(anonymous_1)
FN:3,(anonymous_2)
FNF:2
FNH:2
FNDA:1,(anonymous_1)
FNDA:2,(anonymous_2)
DA:1,4
DA:3,2
DA:4,1
LF:3
LH:3
BRF:0
BRH:0
end_of_record
TN:
SF:src\services\ticket.service.ts
FN:13,(anonymous_2)
FN:19,(anonymous_3)
FNF:2
FNH:2
FNDA:2,(anonymous_2)
FNDA:2,(anonymous_3)
DA:1,1
DA:2,1
DA:3,1
DA:12,2
DA:14,2
DA:16,2
DA:17,2
DA:19,2
DA:20,2
DA:21,2
DA:22,0
DA:25,2
DA:26,1
DA:30,1
DA:35,0
DA:36,0
DA:40,0
DA:50,0
LF:18
LH:13
BRDA:21,0,0,0
BRDA:25,1,0,1
BRDA:25,2,0,2
BRDA:25,2,1,2
BRDA:35,3,0,0
BRF:5
BRH:3
end_of_record
TN:
SF:src\services\wallet.service.ts
FN:27,(anonymous_3)
FN:38,(anonymous_4)
FN:119,(anonymous_5)
FN:130,(anonymous_6)
FN:173,(anonymous_7)
FN:179,(anonymous_8)
FN:221,(anonymous_9)
FN:227,(anonymous_10)
FN:278,(anonymous_11)
FN:287,(anonymous_12)
FN:356,(anonymous_13)
FN:363,(anonymous_14)
FNF:12
FNH:10
FNDA:4,(anonymous_3)
FNDA:4,(anonymous_4)
FNDA:0,(anonymous_5)
FNDA:0,(anonymous_6)
FNDA:1,(anonymous_7)
FNDA:1,(anonymous_8)
FNDA:2,(anonymous_9)
FNDA:2,(anonymous_10)
FNDA:1,(anonymous_11)
FNDA:1,(anonymous_12)
FNDA:1,(anonymous_13)
FNDA:1,(anonymous_14)
DA:7,6
DA:9,6
DA:11,18
DA:12,6
DA:21,6
DA:23,9
DA:35,4
DA:36,4
DA:38,4
DA:39,4
DA:43,4
DA:44,1
DA:47,3
DA:48,0
DA:51,3
DA:55,3
DA:56,0
DA:65,3
DA:86,3
DA:95,3
DA:106,3
DA:127,0
DA:128,0
DA:130,0
DA:131,0
DA:132,0
DA:133,0
DA:135,0
DA:136,0
DA:139,0
DA:147,0
DA:160,0
DA:179,1
DA:180,1
DA:181,1
DA:182,0
DA:184,1
DA:185,1
DA:188,0
DA:196,0
DA:208,0
DA:227,2
DA:228,2
DA:229,2
DA:231,2
DA:232,1
DA:235,1
DA:242,1
DA:254,1
DA:265,1
DA:285,1
DA:287,1
DA:288,1
DA:292,1
DA:293,0
DA:296,1
DA:300,1
DA:301,0
DA:304,1
DA:305,0
DA:314,1
DA:323,1
DA:332,1
DA:343,1
DA:363,1
DA:364,1
DA:368,1
DA:369,0
DA:372,1
DA:373,1
DA:374,1
DA:378,1
DA:379,1
DA:386,1
DA:398,1
DA:399,1
LF:76
LH:55
BRDA:12,0,0,6
BRDA:12,0,1,5
BRDA:21,1,0,6
BRDA:35,2,0,0
BRDA:35,2,1,4
BRDA:36,3,0,1
BRDA:36,3,1,3
BRDA:43,4,0,1
BRDA:47,5,0,0
BRDA:55,6,0,0
BRDA:55,7,0,3
BRDA:55,7,1,0
BRDA:69,8,0,3
BRDA:69,8,1,3
BRDA:71,9,0,3
BRDA:71,9,1,3
BRDA:80,10,0,3
BRDA:80,10,1,3
BRDA:82,11,0,3
BRDA:82,11,1,3
BRDA:111,12,0,3
BRDA:111,12,1,0
BRDA:127,13,0,0
BRDA:127,13,1,0
BRDA:128,14,0,0
BRDA:128,14,1,0
BRDA:132,15,0,0
BRDA:132,16,0,0
BRDA:132,16,1,0
BRDA:135,17,0,0
BRDA:165,18,0,0
BRDA:165,18,1,0
BRDA:181,19,0,0
BRDA:181,20,0,1
BRDA:181,20,1,1
BRDA:184,21,0,1
BRDA:213,22,0,0
BRDA:213,22,1,0
BRDA:229,23,0,0
BRDA:231,24,0,1
BRDA:270,25,0,1
BRDA:270,25,1,0
BRDA:285,26,0,0
BRDA:285,26,1,1
BRDA:292,27,0,0
BRDA:300,28,0,0
BRDA:304,29,0,0
BRDA:348,30,0,1
BRDA:348,30,1,0
BRDA:368,31,0,0
BRDA:373,32,0,1
BRDA:378,33,0,1
BRDA:398,34,0,1
BRDA:398,34,1,0
BRDA:404,35,0,1
BRDA:404,35,1,0
BRF:56
BRH:28
end_of_record
